<?xml version="1.0" encoding="utf-8"?>
<CoverageSession xmlns:xsd="http://www.w3.org/2001/XMLSchema" xmlns:xsi="http://www.w3.org/2001/XMLSchema-instance" Version="0.0.0.0">
  <Summary numSequencePoints="1741" visitedSequencePoints="247" numBranchPoints="0" visitedBranchPoints="0" sequenceCoverage="14.19" branchCoverage="0.0" maxCyclomaticComplexity="0" minCyclomaticComplexity="0" maxCrapScore="0" minCrapScore="0" visitedClasses="17" numClasses="64" visitedMethods="34" numMethods="211" />
  <Modules>
    <Module>
      <Summary numSequencePoints="6" visitedSequencePoints="6" numBranchPoints="0" visitedBranchPoints="0" sequenceCoverage="100.0" branchCoverage="0.0" maxCyclomaticComplexity="0" minCyclomaticComplexity="0" maxCrapScore="0" minCrapScore="0" visitedClasses="2" numClasses="2" visitedMethods="3" numMethods="3" />
      <ModuleTime>0001-01-01T00:00:00</ModuleTime>
      <ModuleName>Assembly-CSharp</ModuleName>
      <Files>
        <File uid="6" fullPath="E:/Project/Unity_Project/Thief-Simulator/Assets/Input/Joystick Pack/Examples/JoystickPlayerExample.cs" />
        <File uid="7" fullPath="E:/Project/Unity_Project/Thief-Simulator/Assets/Input/Joystick Pack/Examples/JoystickSetterExample.cs" />
        <File uid="8" fullPath="E:/Project/Unity_Project/Thief-Simulator/Assets/Input/Joystick Pack/Scripts/Base/Joystick.cs" />
        <File uid="9" fullPath="E:/Project/Unity_Project/Thief-Simulator/Assets/Input/Joystick Pack/Scripts/Joysticks/DynamicJoystick.cs" />
        <File uid="10" fullPath="E:/Project/Unity_Project/Thief-Simulator/Assets/Input/Joystick Pack/Scripts/Joysticks/FloatingJoystick.cs" />
        <File uid="11" fullPath="E:/Project/Unity_Project/Thief-Simulator/Assets/Input/Joystick Pack/Scripts/Joysticks/VariableJoystick.cs" />
        <File uid="12" fullPath="E:/Project/Unity_Project/Thief-Simulator/Assets/Models/Forest sp/Environments/Town/Scripts/Door.cs" />
        <File uid="13" fullPath="E:/Project/Unity_Project/Thief-Simulator/Assets/Models/LowPolyDungeon/Demo Scenes/MouseCamLook.cs" />
        <File uid="14" fullPath="E:/Project/Unity_Project/Thief-Simulator/Assets/Models/LowPolyDungeon/Demo Scenes/PlayerMovement.cs" />
        <File uid="15" fullPath="E:/Project/Unity_Project/Thief-Simulator/Assets/Models/LowPolyDungeon/Demo Scenes/ScreenshotMaker.cs" />
        <File uid="16" fullPath="E:/Project/Unity_Project/Thief-Simulator/Assets/Models/Pov1/FirstPersonController/Scripts/BasicRigidBodyPush.cs" />
        <File uid="17" fullPath="E:/Project/Unity_Project/Thief-Simulator/Assets/Models/Pov1/Mobile/Scripts/VirtualInputs/UIVirtualButton.cs" />
        <File uid="18" fullPath="E:/Project/Unity_Project/Thief-Simulator/Assets/Models/Pov1/Mobile/Scripts/VirtualInputs/UIVirtualJoystick.cs" />
        <File uid="19" fullPath="E:/Project/Unity_Project/Thief-Simulator/Assets/Models/Pov1/Mobile/Scripts/VirtualInputs/UIVirtualTouchZone.cs" />
        <File uid="20" fullPath="E:/Project/Unity_Project/Thief-Simulator/Assets/Models/Pov1/FirstPersonController/Scripts/FirstPersonController.cs" />
        <File uid="21" fullPath="E:/Project/Unity_Project/Thief-Simulator/Assets/Models/Pov1/Mobile/Scripts/CanvasInputs/UICanvasControllerInput.cs" />
        <File uid="22" fullPath="E:/Project/Unity_Project/Thief-Simulator/Assets/Models/LowPolyPeople/Example/Scripts/AnimationController.cs" />
        <File uid="23" fullPath="E:/Project/Unity_Project/Thief-Simulator/Assets/Models/BTM_Assets/BTM_Items_Gems/Scripts/SimpleGemsAnim.cs" />
        <File uid="24" fullPath="E:/Project/Unity_Project/Thief-Simulator/Assets/Models/Animals/Scripts/CreatureMover.cs" />
        <File uid="25" fullPath="E:/Project/Unity_Project/Thief-Simulator/Assets/Models/Animals/Scripts/MovePlayerInput.cs" />
        <File uid="26" fullPath="E:/Project/Unity_Project/Thief-Simulator/Assets/Models/Animals/Scripts/PlayerCamera.cs" />
        <File uid="27" fullPath="E:/Project/Unity_Project/Thief-Simulator/Assets/Models/Animals/Scripts/ThirdPersonCamera.cs" />
      </Files>
      <Classes>
        <Class>
          <Summary numSequencePoints="5" visitedSequencePoints="5" numBranchPoints="0" visitedBranchPoints="0" sequenceCoverage="100.0" branchCoverage="0.0" maxCyclomaticComplexity="0" minCyclomaticComplexity="0" maxCrapScore="0" minCrapScore="0" visitedClasses="1" numClasses="1" visitedMethods="2" numMethods="2" />
          <FullName>Door</FullName>
          <Methods>
            <Method visited="true" cyclomaticComplexity="0" nPathComplexity="0" sequenceCoverage="100.0" branchCoverage="0" crapScore="0" isConstructor="false" isStatic="false" isGetter="false" isSetter="false">
              <Summary numSequencePoints="3" visitedSequencePoints="3" numBranchPoints="0" visitedBranchPoints="0" sequenceCoverage="100.0" branchCoverage="0" maxCyclomaticComplexity="0" minCyclomaticComplexity="0" maxCrapScore="0" minCrapScore="0" visitedClasses="0" numClasses="0" visitedMethods="1" numMethods="1" />
              <MetadataToken>100663347</MetadataToken>
              <Name>System.Void Door::Start()</Name>
              <FileRef uid="12" />
              <SequencePoints>
                <SequencePoint vc="1" uspid="24953" ordinal="0" offset="0" sl="9" sc="16" el="9" ec="16" bec="0" bev="0" fileid="12" />
                <SequencePoint vc="1" uspid="24954" ordinal="0" offset="1" sl="10" sc="3" el="10" ec="3" bec="0" bev="0" fileid="12" />
                <SequencePoint vc="1" uspid="24955" ordinal="0" offset="13" sl="11" sc="2" el="11" ec="2" bec="0" bev="0" fileid="12" />
              </SequencePoints>
              <BranchPoints />
            </Method>
            <Method visited="true" cyclomaticComplexity="0" nPathComplexity="0" sequenceCoverage="100.0" branchCoverage="0" crapScore="0" isConstructor="false" isStatic="false" isGetter="false" isSetter="false">
              <Summary numSequencePoints="2" visitedSequencePoints="2" numBranchPoints="0" visitedBranchPoints="0" sequenceCoverage="100.0" branchCoverage="0" maxCyclomaticComplexity="0" minCyclomaticComplexity="0" maxCrapScore="0" minCrapScore="0" visitedClasses="0" numClasses="0" visitedMethods="1" numMethods="1" />
              <MetadataToken>100663350</MetadataToken>
              <Name>System.Void Door::Update()</Name>
              <FileRef uid="12" />
              <SequencePoints>
                <SequencePoint vc="2" uspid="24964" ordinal="0" offset="0" sl="26" sc="17" el="26" ec="17" bec="0" bev="0" fileid="12" />
                <SequencePoint vc="2" uspid="24965" ordinal="0" offset="1" sl="28" sc="2" el="28" ec="2" bec="0" bev="0" fileid="12" />
              </SequencePoints>
              <BranchPoints />
            </Method>
          </Methods>
        </Class>
        <Class>
          <Summary numSequencePoints="1" visitedSequencePoints="1" numBranchPoints="0" visitedBranchPoints="0" sequenceCoverage="100.0" branchCoverage="0.0" maxCyclomaticComplexity="0" minCyclomaticComplexity="0" maxCrapScore="0" minCrapScore="0" visitedClasses="1" numClasses="1" visitedMethods="1" numMethods="1" />
          <FullName>BasicRigidBodyPush</FullName>
          <Methods>
            <Method visited="true" cyclomaticComplexity="0" nPathComplexity="0" sequenceCoverage="100.0" branchCoverage="0" crapScore="0" isConstructor="true" isStatic="false" isGetter="false" isSetter="false">
              <Summary numSequencePoints="1" visitedSequencePoints="1" numBranchPoints="0" visitedBranchPoints="0" sequenceCoverage="100.0" branchCoverage="0" maxCyclomaticComplexity="0" minCyclomaticComplexity="0" maxCrapScore="0" minCrapScore="0" visitedClasses="0" numClasses="0" visitedMethods="1" numMethods="1" />
              <MetadataToken>100663362</MetadataToken>
              <Name>BasicRigidBodyPush::BasicRigidBodyPush()</Name>
              <FileRef uid="16" />
              <SequencePoints>
                <SequencePoint vc="1" uspid="25039" ordinal="0" offset="0" sl="7" sc="20" el="7" ec="20" bec="0" bev="0" fileid="16" />
              </SequencePoints>
              <BranchPoints />
            </Method>
          </Methods>
        </Class>
      </Classes>
    </Module>
    <Module>
      <Summary numSequencePoints="304" visitedSequencePoints="1" numBranchPoints="0" visitedBranchPoints="0" sequenceCoverage="0.33" branchCoverage="0.0" maxCyclomaticComplexity="0" minCyclomaticComplexity="0" maxCrapScore="0" minCrapScore="0" visitedClasses="1" numClasses="10" visitedMethods="1" numMethods="39" />
      <ModuleTime>0001-01-01T00:00:00</ModuleTime>
      <ModuleName>Fusion.Unity</ModuleName>
      <Files>
        <File uid="28" fullPath="E:/Project/Unity_Project/Thief-Simulator/Assets/Photon/Fusion/Runtime/Fusion.Unity.cs" />
        <File uid="29" fullPath="E:/Project/Unity_Project/Thief-Simulator/Assets/Photon/Fusion/Runtime/FusionBasicBillboard.cs" />
        <File uid="30" fullPath="E:/Project/Unity_Project/Thief-Simulator/Assets/Photon/Fusion/Runtime/FusionBootstrap.cs" />
        <File uid="31" fullPath="E:/Project/Unity_Project/Thief-Simulator/Assets/Photon/Fusion/Runtime/FusionBootstrapDebugGUI.cs" />
        <File uid="32" fullPath="E:/Project/Unity_Project/Thief-Simulator/Assets/Photon/Fusion/Runtime/NetworkCharacterController.cs" />
        <File uid="33" fullPath="E:/Project/Unity_Project/Thief-Simulator/Assets/Photon/Fusion/Runtime/NetworkObjectProviderDefault.cs" />
        <File uid="34" fullPath="E:/Project/Unity_Project/Thief-Simulator/Assets/Photon/Fusion/Runtime/NetworkSceneManagerDefault.cs" />
        <File uid="35" fullPath="E:/Project/Unity_Project/Thief-Simulator/Assets/Photon/Fusion/Runtime/Utilities/RunnerVisibility/EnableOnSingleRunner.cs" />
        <File uid="36" fullPath="E:/Project/Unity_Project/Thief-Simulator/Assets/Photon/Fusion/Runtime/Utilities/RunnerVisibility/RunnerAOIGizmos.cs" />
        <File uid="37" fullPath="E:/Project/Unity_Project/Thief-Simulator/Assets/Photon/Fusion/Runtime/Utilities/RunnerVisibility/RunnerEnableVisibility.cs" />
        <File uid="38" fullPath="E:/Project/Unity_Project/Thief-Simulator/Assets/Photon/Fusion/Runtime/Utilities/RunnerVisibility/RunnerLagCompensationGizmos.cs" />
        <File uid="39" fullPath="E:/Project/Unity_Project/Thief-Simulator/Assets/Photon/Fusion/Runtime/Utilities/RunnerVisibility/RunnerVisibilityLink.cs" />
        <File uid="40" fullPath="E:/Project/Unity_Project/Thief-Simulator/Assets/Photon/Fusion/Runtime/Utilities/RunnerVisibility/RunnerVisibilityLinksRoot.cs" />
        <File uid="41" fullPath="E:/Project/Unity_Project/Thief-Simulator/Assets/Photon/Fusion/Runtime/Statistics/FusionNetworkObjectStatistics.cs" />
        <File uid="42" fullPath="E:/Project/Unity_Project/Thief-Simulator/Assets/Photon/Fusion/Runtime/Statistics/FusionNetworkObjectStatsGraph.cs" />
        <File uid="43" fullPath="E:/Project/Unity_Project/Thief-Simulator/Assets/Photon/Fusion/Runtime/Statistics/FusionNetworkObjectStatsGraphCombine.cs" />
        <File uid="44" fullPath="E:/Project/Unity_Project/Thief-Simulator/Assets/Photon/Fusion/Runtime/Statistics/FusionStatistics.cs" />
        <File uid="45" fullPath="E:/Project/Unity_Project/Thief-Simulator/Assets/Photon/Fusion/Runtime/Statistics/FusionStatsCanvas.cs" />
        <File uid="46" fullPath="E:/Project/Unity_Project/Thief-Simulator/Assets/Photon/Fusion/Runtime/Statistics/FusionStatsConfig.cs" />
        <File uid="47" fullPath="E:/Project/Unity_Project/Thief-Simulator/Assets/Photon/Fusion/Runtime/Statistics/FusionStatsGraphDefault.cs" />
        <File uid="48" fullPath="E:/Project/Unity_Project/Thief-Simulator/Assets/Photon/Fusion/Runtime/Statistics/FusionStatsPanelHeader.cs" />
        <File uid="49" fullPath="E:/Project/Unity_Project/Thief-Simulator/Assets/Photon/Fusion/Runtime/Statistics/FusionStatsWorldAnchor.cs" />
      </Files>
      <Classes>
        <Class>
          <Summary numSequencePoints="110" visitedSequencePoints="0" numBranchPoints="0" visitedBranchPoints="0" sequenceCoverage="0.0" branchCoverage="0.0" maxCyclomaticComplexity="0" minCyclomaticComplexity="0" maxCrapScore="0" minCrapScore="0" visitedClasses="0" numClasses="1" visitedMethods="0" numMethods="10" />
          <FullName>Fusion.NetworkAssetSourceResource[T]</FullName>
          <Methods>
            <Method visited="false" cyclomaticComplexity="0" nPathComplexity="0" sequenceCoverage="0.0" branchCoverage="0" crapScore="0" isConstructor="false" isStatic="false" isGetter="false" isSetter="false">
              <Summary numSequencePoints="7" visitedSequencePoints="0" numBranchPoints="0" visitedBranchPoints="0" sequenceCoverage="0.0" branchCoverage="0" maxCyclomaticComplexity="0" minCyclomaticComplexity="0" maxCrapScore="0" minCrapScore="0" visitedClasses="0" numClasses="0" visitedMethods="0" numMethods="1" />
              <MetadataToken>100663299</MetadataToken>
              <Name>System.Void Fusion.NetworkAssetSourceResource[T]::Acquire(System.Boolean)</Name>
              <FileRef uid="28" />
              <SequencePoints>
                <SequencePoint vc="0" uspid="25678" ordinal="0" offset="0" sl="193" sc="0" el="193" ec="0" bec="0" bev="0" fileid="28" />
                <SequencePoint vc="0" uspid="25679" ordinal="0" offset="1" sl="194" sc="0" el="194" ec="0" bec="0" bev="0" fileid="28" />
                <SequencePoint vc="0" uspid="25680" ordinal="0" offset="14" sl="194" sc="0" el="194" ec="0" bec="0" bev="0" fileid="28" />
                <SequencePoint vc="0" uspid="25681" ordinal="0" offset="15" sl="195" sc="0" el="195" ec="0" bec="0" bev="0" fileid="28" />
                <SequencePoint vc="0" uspid="25682" ordinal="0" offset="23" sl="196" sc="0" el="196" ec="0" bec="0" bev="0" fileid="28" />
                <SequencePoint vc="0" uspid="25683" ordinal="0" offset="24" sl="197" sc="0" el="197" ec="0" bec="0" bev="0" fileid="28" />
                <SequencePoint vc="0" uspid="25684" ordinal="0" offset="38" sl="198" sc="0" el="198" ec="0" bec="0" bev="0" fileid="28" />
              </SequencePoints>
              <BranchPoints />
            </Method>
            <Method visited="false" cyclomaticComplexity="0" nPathComplexity="0" sequenceCoverage="0.0" branchCoverage="0" crapScore="0" isConstructor="false" isStatic="false" isGetter="false" isSetter="false">
              <Summary numSequencePoints="9" visitedSequencePoints="0" numBranchPoints="0" visitedBranchPoints="0" sequenceCoverage="0.0" branchCoverage="0" maxCyclomaticComplexity="0" minCyclomaticComplexity="0" maxCrapScore="0" minCrapScore="0" visitedClasses="0" numClasses="0" visitedMethods="0" numMethods="1" />
              <MetadataToken>100663300</MetadataToken>
              <Name>System.Void Fusion.NetworkAssetSourceResource[T]::Release()</Name>
              <FileRef uid="28" />
              <SequencePoints>
                <SequencePoint vc="0" uspid="25685" ordinal="0" offset="0" sl="205" sc="0" el="205" ec="0" bec="0" bev="0" fileid="28" />
                <SequencePoint vc="0" uspid="25686" ordinal="0" offset="1" sl="206" sc="0" el="206" ec="0" bec="0" bev="0" fileid="28" />
                <SequencePoint vc="0" uspid="25687" ordinal="0" offset="17" sl="206" sc="0" el="206" ec="0" bec="0" bev="0" fileid="28" />
                <SequencePoint vc="0" uspid="25688" ordinal="0" offset="18" sl="207" sc="0" el="207" ec="0" bec="0" bev="0" fileid="28" />
                <SequencePoint vc="0" uspid="25689" ordinal="0" offset="29" sl="209" sc="0" el="209" ec="0" bec="0" bev="0" fileid="28" />
                <SequencePoint vc="0" uspid="25690" ordinal="0" offset="53" sl="209" sc="0" el="209" ec="0" bec="0" bev="0" fileid="28" />
                <SequencePoint vc="0" uspid="25691" ordinal="0" offset="54" sl="210" sc="0" el="210" ec="0" bec="0" bev="0" fileid="28" />
                <SequencePoint vc="0" uspid="25692" ordinal="0" offset="61" sl="211" sc="0" el="211" ec="0" bec="0" bev="0" fileid="28" />
                <SequencePoint vc="0" uspid="25693" ordinal="0" offset="62" sl="212" sc="0" el="212" ec="0" bec="0" bev="0" fileid="28" />
              </SequencePoints>
              <BranchPoints />
            </Method>
            <Method visited="false" cyclomaticComplexity="0" nPathComplexity="0" sequenceCoverage="0.0" branchCoverage="0" crapScore="0" isConstructor="false" isStatic="false" isGetter="true" isSetter="false">
              <Summary numSequencePoints="9" visitedSequencePoints="0" numBranchPoints="0" visitedBranchPoints="0" sequenceCoverage="0.0" branchCoverage="0" maxCyclomaticComplexity="0" minCyclomaticComplexity="0" maxCrapScore="0" minCrapScore="0" visitedClasses="0" numClasses="0" visitedMethods="0" numMethods="1" />
              <MetadataToken>100663301</MetadataToken>
              <Name>System.Boolean Fusion.NetworkAssetSourceResource[T]::get_IsCompleted()</Name>
              <FileRef uid="28" />
              <SequencePoints>
                <SequencePoint vc="0" uspid="25694" ordinal="0" offset="0" sl="218" sc="0" el="218" ec="0" bec="0" bev="0" fileid="28" />
                <SequencePoint vc="0" uspid="25695" ordinal="0" offset="1" sl="219" sc="0" el="219" ec="0" bec="0" bev="0" fileid="28" />
                <SequencePoint vc="0" uspid="25696" ordinal="0" offset="14" sl="219" sc="0" el="219" ec="0" bec="0" bev="0" fileid="28" />
                <SequencePoint vc="0" uspid="25697" ordinal="0" offset="15" sl="221" sc="0" el="221" ec="0" bec="0" bev="0" fileid="28" />
                <SequencePoint vc="0" uspid="25698" ordinal="0" offset="19" sl="224" sc="0" el="224" ec="0" bec="0" bev="0" fileid="28" />
                <SequencePoint vc="0" uspid="25699" ordinal="0" offset="50" sl="224" sc="0" el="224" ec="0" bec="0" bev="0" fileid="28" />
                <SequencePoint vc="0" uspid="25700" ordinal="0" offset="51" sl="226" sc="0" el="226" ec="0" bec="0" bev="0" fileid="28" />
                <SequencePoint vc="0" uspid="25701" ordinal="0" offset="55" sl="229" sc="0" el="229" ec="0" bec="0" bev="0" fileid="28" />
                <SequencePoint vc="0" uspid="25702" ordinal="0" offset="59" sl="230" sc="0" el="230" ec="0" bec="0" bev="0" fileid="28" />
              </SequencePoints>
              <BranchPoints />
            </Method>
            <Method visited="false" cyclomaticComplexity="0" nPathComplexity="0" sequenceCoverage="0.0" branchCoverage="0" crapScore="0" isConstructor="false" isStatic="false" isGetter="false" isSetter="false">
              <Summary numSequencePoints="25" visitedSequencePoints="0" numBranchPoints="0" visitedBranchPoints="0" sequenceCoverage="0.0" branchCoverage="0" maxCyclomaticComplexity="0" minCyclomaticComplexity="0" maxCrapScore="0" minCrapScore="0" visitedClasses="0" numClasses="0" visitedMethods="0" numMethods="1" />
              <MetadataToken>100663302</MetadataToken>
              <Name>T Fusion.NetworkAssetSourceResource[T]::WaitForResult()</Name>
              <FileRef uid="28" />
              <SequencePoints>
                <SequencePoint vc="0" uspid="25703" ordinal="0" offset="0" sl="237" sc="0" el="237" ec="0" bec="0" bev="0" fileid="28" />
                <SequencePoint vc="0" uspid="25704" ordinal="0" offset="1" sl="238" sc="0" el="238" ec="0" bec="0" bev="0" fileid="28" />
                <SequencePoint vc="0" uspid="25705" ordinal="0" offset="21" sl="239" sc="0" el="239" ec="0" bec="0" bev="0" fileid="28" />
                <SequencePoint vc="0" uspid="25706" ordinal="0" offset="41" sl="239" sc="0" el="239" ec="0" bec="0" bev="0" fileid="28" />
                <SequencePoint vc="0" uspid="25707" ordinal="0" offset="42" sl="240" sc="0" el="240" ec="0" bec="0" bev="0" fileid="28" />
                <SequencePoint vc="0" uspid="25708" ordinal="0" offset="54" sl="240" sc="0" el="240" ec="0" bec="0" bev="0" fileid="28" />
                <SequencePoint vc="0" uspid="25709" ordinal="0" offset="55" sl="241" sc="0" el="241" ec="0" bec="0" bev="0" fileid="28" />
                <SequencePoint vc="0" uspid="25710" ordinal="0" offset="63" sl="242" sc="0" el="242" ec="0" bec="0" bev="0" fileid="28" />
                <SequencePoint vc="0" uspid="25711" ordinal="0" offset="66" sl="242" sc="0" el="242" ec="0" bec="0" bev="0" fileid="28" />
                <SequencePoint vc="0" uspid="25712" ordinal="0" offset="67" sl="244" sc="0" el="244" ec="0" bec="0" bev="0" fileid="28" />
                <SequencePoint vc="0" uspid="25713" ordinal="0" offset="74" sl="245" sc="0" el="245" ec="0" bec="0" bev="0" fileid="28" />
                <SequencePoint vc="0" uspid="25714" ordinal="0" offset="82" sl="246" sc="0" el="246" ec="0" bec="0" bev="0" fileid="28" />
                <SequencePoint vc="0" uspid="25715" ordinal="0" offset="83" sl="247" sc="0" el="247" ec="0" bec="0" bev="0" fileid="28" />
                <SequencePoint vc="0" uspid="25716" ordinal="0" offset="84" sl="249" sc="0" el="249" ec="0" bec="0" bev="0" fileid="28" />
                <SequencePoint vc="0" uspid="25717" ordinal="0" offset="99" sl="249" sc="0" el="249" ec="0" bec="0" bev="0" fileid="28" />
                <SequencePoint vc="0" uspid="25718" ordinal="0" offset="100" sl="250" sc="0" el="250" ec="0" bec="0" bev="0" fileid="28" />
                <SequencePoint vc="0" uspid="25719" ordinal="0" offset="138" sl="253" sc="0" el="253" ec="0" bec="0" bev="0" fileid="28" />
                <SequencePoint vc="0" uspid="25720" ordinal="0" offset="170" sl="253" sc="0" el="253" ec="0" bec="0" bev="0" fileid="28" />
                <SequencePoint vc="0" uspid="25721" ordinal="0" offset="171" sl="254" sc="0" el="254" ec="0" bec="0" bev="0" fileid="28" />
                <SequencePoint vc="0" uspid="25722" ordinal="0" offset="176" sl="257" sc="0" el="257" ec="0" bec="0" bev="0" fileid="28" />
                <SequencePoint vc="0" uspid="25723" ordinal="0" offset="198" sl="257" sc="0" el="257" ec="0" bec="0" bev="0" fileid="28" />
                <SequencePoint vc="0" uspid="25724" ordinal="0" offset="199" sl="258" sc="0" el="258" ec="0" bec="0" bev="0" fileid="28" />
                <SequencePoint vc="0" uspid="25725" ordinal="0" offset="206" sl="259" sc="0" el="259" ec="0" bec="0" bev="0" fileid="28" />
                <SequencePoint vc="0" uspid="25726" ordinal="0" offset="212" sl="262" sc="0" el="262" ec="0" bec="0" bev="0" fileid="28" />
                <SequencePoint vc="0" uspid="25727" ordinal="0" offset="250" sl="263" sc="0" el="263" ec="0" bec="0" bev="0" fileid="28" />
              </SequencePoints>
              <BranchPoints />
            </Method>
            <Method visited="false" cyclomaticComplexity="0" nPathComplexity="0" sequenceCoverage="0.0" branchCoverage="0" crapScore="0" isConstructor="false" isStatic="false" isGetter="false" isSetter="false">
              <Summary numSequencePoints="15" visitedSequencePoints="0" numBranchPoints="0" visitedBranchPoints="0" sequenceCoverage="0.0" branchCoverage="0" maxCyclomaticComplexity="0" minCyclomaticComplexity="0" maxCrapScore="0" minCrapScore="0" visitedClasses="0" numClasses="0" visitedMethods="0" numMethods="1" />
              <MetadataToken>100663303</MetadataToken>
              <Name>System.Void Fusion.NetworkAssetSourceResource[T]::FinishAsyncOp(UnityEngine.ResourceRequest)</Name>
              <FileRef uid="28" />
              <SequencePoints>
                <SequencePoint vc="0" uspid="25728" ordinal="0" offset="0" sl="265" sc="0" el="265" ec="0" bec="0" bev="0" fileid="28" />
                <SequencePoint vc="0" uspid="25729" ordinal="0" offset="1" sl="266" sc="0" el="266" ec="0" bec="0" bev="0" fileid="28" />
                <SequencePoint vc="0" uspid="25730" ordinal="0" offset="2" sl="267" sc="0" el="267" ec="0" bec="0" bev="0" fileid="28" />
                <SequencePoint vc="0" uspid="25731" ordinal="0" offset="46" sl="268" sc="0" el="268" ec="0" bec="0" bev="0" fileid="28" />
                <SequencePoint vc="0" uspid="25732" ordinal="0" offset="56" sl="268" sc="0" el="268" ec="0" bec="0" bev="0" fileid="28" />
                <SequencePoint vc="0" uspid="25733" ordinal="0" offset="57" sl="269" sc="0" el="269" ec="0" bec="0" bev="0" fileid="28" />
                <SequencePoint vc="0" uspid="25734" ordinal="0" offset="64" sl="270" sc="0" el="270" ec="0" bec="0" bev="0" fileid="28" />
                <SequencePoint vc="0" uspid="25735" ordinal="0" offset="67" sl="270" sc="0" el="270" ec="0" bec="0" bev="0" fileid="28" />
                <SequencePoint vc="0" uspid="25736" ordinal="0" offset="68" sl="271" sc="0" el="271" ec="0" bec="0" bev="0" fileid="28" />
                <SequencePoint vc="0" uspid="25737" ordinal="0" offset="101" sl="273" sc="0" el="273" ec="0" bec="0" bev="0" fileid="28" />
                <SequencePoint vc="0" uspid="25738" ordinal="0" offset="104" sl="273" sc="0" el="273" ec="0" bec="0" bev="0" fileid="28" />
                <SequencePoint vc="0" uspid="25739" ordinal="0" offset="105" sl="273" sc="0" el="273" ec="0" bec="0" bev="0" fileid="28" />
                <SequencePoint vc="0" uspid="25740" ordinal="0" offset="106" sl="274" sc="0" el="274" ec="0" bec="0" bev="0" fileid="28" />
                <SequencePoint vc="0" uspid="25741" ordinal="0" offset="118" sl="275" sc="0" el="275" ec="0" bec="0" bev="0" fileid="28" />
                <SequencePoint vc="0" uspid="25742" ordinal="0" offset="121" sl="276" sc="0" el="276" ec="0" bec="0" bev="0" fileid="28" />
              </SequencePoints>
              <BranchPoints />
            </Method>
            <Method visited="false" cyclomaticComplexity="0" nPathComplexity="0" sequenceCoverage="0.0" branchCoverage="0" crapScore="0" isConstructor="false" isStatic="true" isGetter="false" isSetter="false">
              <Summary numSequencePoints="13" visitedSequencePoints="0" numBranchPoints="0" visitedBranchPoints="0" sequenceCoverage="0.0" branchCoverage="0" maxCyclomaticComplexity="0" minCyclomaticComplexity="0" maxCrapScore="0" minCrapScore="0" visitedClasses="0" numClasses="0" visitedMethods="0" numMethods="1" />
              <MetadataToken>100663304</MetadataToken>
              <Name>static T Fusion.NetworkAssetSourceResource[T]::LoadNamedResource(System.String, System.String)</Name>
              <FileRef uid="28" />
              <SequencePoints>
                <SequencePoint vc="0" uspid="25743" ordinal="0" offset="0" sl="278" sc="0" el="278" ec="0" bec="0" bev="0" fileid="28" />
                <SequencePoint vc="0" uspid="25744" ordinal="0" offset="1" sl="279" sc="0" el="279" ec="0" bec="0" bev="0" fileid="28" />
                <SequencePoint vc="0" uspid="25745" ordinal="0" offset="8" sl="281" sc="0" el="281" ec="0" bec="0" bev="0" fileid="28" />
                <SequencePoint vc="0" uspid="25746" ordinal="0" offset="12" sl="281" sc="0" el="281" ec="0" bec="0" bev="0" fileid="28" />
                <SequencePoint vc="0" uspid="25747" ordinal="0" offset="13" sl="282" sc="0" el="282" ec="0" bec="0" bev="0" fileid="28" />
                <SequencePoint vc="0" uspid="25748" ordinal="0" offset="21" sl="283" sc="0" el="283" ec="0" bec="0" bev="0" fileid="28" />
                <SequencePoint vc="0" uspid="25749" ordinal="0" offset="43" sl="283" sc="0" el="283" ec="0" bec="0" bev="0" fileid="28" />
                <SequencePoint vc="0" uspid="25750" ordinal="0" offset="44" sl="284" sc="0" el="284" ec="0" bec="0" bev="0" fileid="28" />
                <SequencePoint vc="0" uspid="25751" ordinal="0" offset="49" sl="286" sc="0" el="286" ec="0" bec="0" bev="0" fileid="28" />
                <SequencePoint vc="0" uspid="25752" ordinal="0" offset="50" sl="281" sc="0" el="281" ec="0" bec="0" bev="0" fileid="28" />
                <SequencePoint vc="0" uspid="25753" ordinal="0" offset="54" sl="281" sc="0" el="281" ec="0" bec="0" bev="0" fileid="28" />
                <SequencePoint vc="0" uspid="25754" ordinal="0" offset="66" sl="288" sc="0" el="288" ec="0" bec="0" bev="0" fileid="28" />
                <SequencePoint vc="0" uspid="25755" ordinal="0" offset="80" sl="289" sc="0" el="289" ec="0" bec="0" bev="0" fileid="28" />
              </SequencePoints>
              <BranchPoints />
            </Method>
            <Method visited="false" cyclomaticComplexity="0" nPathComplexity="0" sequenceCoverage="0.0" branchCoverage="0" crapScore="0" isConstructor="false" isStatic="false" isGetter="false" isSetter="false">
              <Summary numSequencePoints="20" visitedSequencePoints="0" numBranchPoints="0" visitedBranchPoints="0" sequenceCoverage="0.0" branchCoverage="0" maxCyclomaticComplexity="0" minCyclomaticComplexity="0" maxCrapScore="0" minCrapScore="0" visitedClasses="0" numClasses="0" visitedMethods="0" numMethods="1" />
              <MetadataToken>100663305</MetadataToken>
              <Name>System.Void Fusion.NetworkAssetSourceResource[T]::LoadInternal(System.Boolean)</Name>
              <FileRef uid="28" />
              <SequencePoints>
                <SequencePoint vc="0" uspid="25756" ordinal="0" offset="0" sl="291" sc="0" el="291" ec="0" bec="0" bev="0" fileid="28" />
                <SequencePoint vc="0" uspid="25757" ordinal="0" offset="1" sl="292" sc="0" el="292" ec="0" bec="0" bev="0" fileid="28" />
                <SequencePoint vc="0" uspid="25758" ordinal="0" offset="21" sl="293" sc="0" el="293" ec="0" bec="0" bev="0" fileid="28" />
                <SequencePoint vc="0" uspid="25759" ordinal="0" offset="22" sl="294" sc="0" el="294" ec="0" bec="0" bev="0" fileid="28" />
                <SequencePoint vc="0" uspid="25760" ordinal="0" offset="27" sl="294" sc="0" el="294" ec="0" bec="0" bev="0" fileid="28" />
                <SequencePoint vc="0" uspid="25761" ordinal="0" offset="28" sl="295" sc="0" el="295" ec="0" bec="0" bev="0" fileid="28" />
                <SequencePoint vc="0" uspid="25762" ordinal="0" offset="82" sl="296" sc="0" el="296" ec="0" bec="0" bev="0" fileid="28" />
                <SequencePoint vc="0" uspid="25763" ordinal="0" offset="85" sl="296" sc="0" el="296" ec="0" bec="0" bev="0" fileid="28" />
                <SequencePoint vc="0" uspid="25764" ordinal="0" offset="86" sl="297" sc="0" el="297" ec="0" bec="0" bev="0" fileid="28" />
                <SequencePoint vc="0" uspid="25765" ordinal="0" offset="103" sl="298" sc="0" el="298" ec="0" bec="0" bev="0" fileid="28" />
                <SequencePoint vc="0" uspid="25766" ordinal="0" offset="104" sl="300" sc="0" el="300" ec="0" bec="0" bev="0" fileid="28" />
                <SequencePoint vc="0" uspid="25767" ordinal="0" offset="117" sl="300" sc="0" el="300" ec="0" bec="0" bev="0" fileid="28" />
                <SequencePoint vc="0" uspid="25768" ordinal="0" offset="118" sl="301" sc="0" el="301" ec="0" bec="0" bev="0" fileid="28" />
                <SequencePoint vc="0" uspid="25769" ordinal="0" offset="156" sl="302" sc="0" el="302" ec="0" bec="0" bev="0" fileid="28" />
                <SequencePoint vc="0" uspid="25770" ordinal="0" offset="157" sl="303" sc="0" el="303" ec="0" bec="0" bev="0" fileid="28" />
                <SequencePoint vc="0" uspid="25771" ordinal="0" offset="160" sl="303" sc="0" el="303" ec="0" bec="0" bev="0" fileid="28" />
                <SequencePoint vc="0" uspid="25772" ordinal="0" offset="161" sl="303" sc="0" el="303" ec="0" bec="0" bev="0" fileid="28" />
                <SequencePoint vc="0" uspid="25773" ordinal="0" offset="162" sl="304" sc="0" el="304" ec="0" bec="0" bev="0" fileid="28" />
                <SequencePoint vc="0" uspid="25774" ordinal="0" offset="174" sl="305" sc="0" el="305" ec="0" bec="0" bev="0" fileid="28" />
                <SequencePoint vc="0" uspid="25775" ordinal="0" offset="177" sl="306" sc="0" el="306" ec="0" bec="0" bev="0" fileid="28" />
              </SequencePoints>
              <BranchPoints />
            </Method>
            <Method visited="false" cyclomaticComplexity="0" nPathComplexity="0" sequenceCoverage="0.0" branchCoverage="0" crapScore="0" isConstructor="false" isStatic="false" isGetter="false" isSetter="false">
              <Summary numSequencePoints="10" visitedSequencePoints="0" numBranchPoints="0" visitedBranchPoints="0" sequenceCoverage="0.0" branchCoverage="0" maxCyclomaticComplexity="0" minCyclomaticComplexity="0" maxCrapScore="0" minCrapScore="0" visitedClasses="0" numClasses="0" visitedMethods="0" numMethods="1" />
              <MetadataToken>100663306</MetadataToken>
              <Name>System.Void Fusion.NetworkAssetSourceResource[T]::UnloadInternal()</Name>
              <FileRef uid="28" />
              <SequencePoints>
                <SequencePoint vc="0" uspid="25776" ordinal="0" offset="0" sl="308" sc="0" el="308" ec="0" bec="0" bev="0" fileid="28" />
                <SequencePoint vc="0" uspid="25777" ordinal="0" offset="1" sl="309" sc="0" el="309" ec="0" bec="0" bev="0" fileid="28" />
                <SequencePoint vc="0" uspid="25778" ordinal="0" offset="21" sl="309" sc="0" el="309" ec="0" bec="0" bev="0" fileid="28" />
                <SequencePoint vc="0" uspid="25779" ordinal="0" offset="22" sl="310" sc="0" el="310" ec="0" bec="0" bev="0" fileid="28" />
                <SequencePoint vc="0" uspid="25780" ordinal="0" offset="60" sl="313" sc="0" el="313" ec="0" bec="0" bev="0" fileid="28" />
                <SequencePoint vc="0" uspid="25781" ordinal="0" offset="63" sl="313" sc="0" el="313" ec="0" bec="0" bev="0" fileid="28" />
                <SequencePoint vc="0" uspid="25782" ordinal="0" offset="81" sl="313" sc="0" el="313" ec="0" bec="0" bev="0" fileid="28" />
                <SequencePoint vc="0" uspid="25783" ordinal="0" offset="82" sl="315" sc="0" el="315" ec="0" bec="0" bev="0" fileid="28" />
                <SequencePoint vc="0" uspid="25784" ordinal="0" offset="83" sl="317" sc="0" el="317" ec="0" bec="0" bev="0" fileid="28" />
                <SequencePoint vc="0" uspid="25785" ordinal="0" offset="90" sl="318" sc="0" el="318" ec="0" bec="0" bev="0" fileid="28" />
              </SequencePoints>
              <BranchPoints />
            </Method>
            <Method visited="false" cyclomaticComplexity="0" nPathComplexity="0" sequenceCoverage="0.0" branchCoverage="0" crapScore="0" isConstructor="false" isStatic="false" isGetter="true" isSetter="false">
              <Summary numSequencePoints="1" visitedSequencePoints="0" numBranchPoints="0" visitedBranchPoints="0" sequenceCoverage="0.0" branchCoverage="0" maxCyclomaticComplexity="0" minCyclomaticComplexity="0" maxCrapScore="0" minCrapScore="0" visitedClasses="0" numClasses="0" visitedMethods="0" numMethods="1" />
              <MetadataToken>100663307</MetadataToken>
              <Name>System.String Fusion.NetworkAssetSourceResource[T]::get_Description()</Name>
              <FileRef uid="28" />
              <SequencePoints>
                <SequencePoint vc="0" uspid="25786" ordinal="0" offset="0" sl="323" sc="0" el="323" ec="0" bec="0" bev="0" fileid="28" />
              </SequencePoints>
              <BranchPoints />
            </Method>
            <Method visited="false" cyclomaticComplexity="0" nPathComplexity="0" sequenceCoverage="0.0" branchCoverage="0" crapScore="0" isConstructor="false" isStatic="false" isGetter="true" isSetter="false">
              <Summary numSequencePoints="1" visitedSequencePoints="0" numBranchPoints="0" visitedBranchPoints="0" sequenceCoverage="0.0" branchCoverage="0" maxCyclomaticComplexity="0" minCyclomaticComplexity="0" maxCrapScore="0" minCrapScore="0" visitedClasses="0" numClasses="0" visitedMethods="0" numMethods="1" />
              <MetadataToken>100663308</MetadataToken>
              <Name>T Fusion.NetworkAssetSourceResource[T]::get_EditorInstance()</Name>
              <FileRef uid="28" />
              <SequencePoints>
                <SequencePoint vc="0" uspid="25787" ordinal="0" offset="0" sl="329" sc="0" el="329" ec="0" bec="0" bev="0" fileid="28" />
              </SequencePoints>
              <BranchPoints />
            </Method>
          </Methods>
        </Class>
        <Class>
          <Summary numSequencePoints="24" visitedSequencePoints="0" numBranchPoints="0" visitedBranchPoints="0" sequenceCoverage="0.0" branchCoverage="0.0" maxCyclomaticComplexity="0" minCyclomaticComplexity="0" maxCrapScore="0" minCrapScore="0" visitedClasses="0" numClasses="1" visitedMethods="0" numMethods="8" />
          <FullName>Fusion.NetworkAssetSourceStatic[T]</FullName>
          <Methods>
            <Method visited="false" cyclomaticComplexity="0" nPathComplexity="0" sequenceCoverage="0.0" branchCoverage="0" crapScore="0" isConstructor="false" isStatic="false" isGetter="true" isSetter="false">
              <Summary numSequencePoints="1" visitedSequencePoints="0" numBranchPoints="0" visitedBranchPoints="0" sequenceCoverage="0.0" branchCoverage="0" maxCyclomaticComplexity="0" minCyclomaticComplexity="0" maxCrapScore="0" minCrapScore="0" visitedClasses="0" numClasses="0" visitedMethods="0" numMethods="1" />
              <MetadataToken>100663310</MetadataToken>
              <Name>T Fusion.NetworkAssetSourceStatic[T]::get_Prefab()</Name>
              <FileRef uid="28" />
              <SequencePoints>
                <SequencePoint vc="0" uspid="25788" ordinal="0" offset="0" sl="361" sc="0" el="361" ec="0" bec="0" bev="0" fileid="28" />
              </SequencePoints>
              <BranchPoints />
            </Method>
            <Method visited="false" cyclomaticComplexity="0" nPathComplexity="0" sequenceCoverage="0.0" branchCoverage="0" crapScore="0" isConstructor="false" isStatic="false" isGetter="false" isSetter="true">
              <Summary numSequencePoints="1" visitedSequencePoints="0" numBranchPoints="0" visitedBranchPoints="0" sequenceCoverage="0.0" branchCoverage="0" maxCyclomaticComplexity="0" minCyclomaticComplexity="0" maxCrapScore="0" minCrapScore="0" visitedClasses="0" numClasses="0" visitedMethods="0" numMethods="1" />
              <MetadataToken>100663311</MetadataToken>
              <Name>System.Void Fusion.NetworkAssetSourceStatic[T]::set_Prefab(T)</Name>
              <FileRef uid="28" />
              <SequencePoints>
                <SequencePoint vc="0" uspid="25789" ordinal="0" offset="0" sl="362" sc="0" el="362" ec="0" bec="0" bev="0" fileid="28" />
              </SequencePoints>
              <BranchPoints />
            </Method>
            <Method visited="false" cyclomaticComplexity="0" nPathComplexity="0" sequenceCoverage="0.0" branchCoverage="0" crapScore="0" isConstructor="false" isStatic="false" isGetter="true" isSetter="false">
              <Summary numSequencePoints="1" visitedSequencePoints="0" numBranchPoints="0" visitedBranchPoints="0" sequenceCoverage="0.0" branchCoverage="0" maxCyclomaticComplexity="0" minCyclomaticComplexity="0" maxCrapScore="0" minCrapScore="0" visitedClasses="0" numClasses="0" visitedMethods="0" numMethods="1" />
              <MetadataToken>100663312</MetadataToken>
              <Name>System.Boolean Fusion.NetworkAssetSourceStatic[T]::get_IsCompleted()</Name>
              <FileRef uid="28" />
              <SequencePoints>
                <SequencePoint vc="0" uspid="25790" ordinal="0" offset="0" sl="368" sc="0" el="368" ec="0" bec="0" bev="0" fileid="28" />
              </SequencePoints>
              <BranchPoints />
            </Method>
            <Method visited="false" cyclomaticComplexity="0" nPathComplexity="0" sequenceCoverage="0.0" branchCoverage="0" crapScore="0" isConstructor="false" isStatic="false" isGetter="false" isSetter="false">
              <Summary numSequencePoints="2" visitedSequencePoints="0" numBranchPoints="0" visitedBranchPoints="0" sequenceCoverage="0.0" branchCoverage="0" maxCyclomaticComplexity="0" minCyclomaticComplexity="0" maxCrapScore="0" minCrapScore="0" visitedClasses="0" numClasses="0" visitedMethods="0" numMethods="1" />
              <MetadataToken>100663313</MetadataToken>
              <Name>System.Void Fusion.NetworkAssetSourceStatic[T]::Acquire(System.Boolean)</Name>
              <FileRef uid="28" />
              <SequencePoints>
                <SequencePoint vc="0" uspid="25791" ordinal="0" offset="0" sl="373" sc="0" el="373" ec="0" bec="0" bev="0" fileid="28" />
                <SequencePoint vc="0" uspid="25792" ordinal="0" offset="1" sl="375" sc="0" el="375" ec="0" bec="0" bev="0" fileid="28" />
              </SequencePoints>
              <BranchPoints />
            </Method>
            <Method visited="false" cyclomaticComplexity="0" nPathComplexity="0" sequenceCoverage="0.0" branchCoverage="0" crapScore="0" isConstructor="false" isStatic="false" isGetter="false" isSetter="false">
              <Summary numSequencePoints="2" visitedSequencePoints="0" numBranchPoints="0" visitedBranchPoints="0" sequenceCoverage="0.0" branchCoverage="0" maxCyclomaticComplexity="0" minCyclomaticComplexity="0" maxCrapScore="0" minCrapScore="0" visitedClasses="0" numClasses="0" visitedMethods="0" numMethods="1" />
              <MetadataToken>100663314</MetadataToken>
              <Name>System.Void Fusion.NetworkAssetSourceStatic[T]::Release()</Name>
              <FileRef uid="28" />
              <SequencePoints>
                <SequencePoint vc="0" uspid="25793" ordinal="0" offset="0" sl="380" sc="0" el="380" ec="0" bec="0" bev="0" fileid="28" />
                <SequencePoint vc="0" uspid="25794" ordinal="0" offset="1" sl="382" sc="0" el="382" ec="0" bec="0" bev="0" fileid="28" />
              </SequencePoints>
              <BranchPoints />
            </Method>
            <Method visited="false" cyclomaticComplexity="0" nPathComplexity="0" sequenceCoverage="0.0" branchCoverage="0" crapScore="0" isConstructor="false" isStatic="false" isGetter="false" isSetter="false">
              <Summary numSequencePoints="6" visitedSequencePoints="0" numBranchPoints="0" visitedBranchPoints="0" sequenceCoverage="0.0" branchCoverage="0" maxCyclomaticComplexity="0" minCyclomaticComplexity="0" maxCrapScore="0" minCrapScore="0" visitedClasses="0" numClasses="0" visitedMethods="0" numMethods="1" />
              <MetadataToken>100663315</MetadataToken>
              <Name>T Fusion.NetworkAssetSourceStatic[T]::WaitForResult()</Name>
              <FileRef uid="28" />
              <SequencePoints>
                <SequencePoint vc="0" uspid="25795" ordinal="0" offset="0" sl="387" sc="0" el="387" ec="0" bec="0" bev="0" fileid="28" />
                <SequencePoint vc="0" uspid="25796" ordinal="0" offset="1" sl="388" sc="0" el="388" ec="0" bec="0" bev="0" fileid="28" />
                <SequencePoint vc="0" uspid="25797" ordinal="0" offset="22" sl="388" sc="0" el="388" ec="0" bec="0" bev="0" fileid="28" />
                <SequencePoint vc="0" uspid="25798" ordinal="0" offset="23" sl="389" sc="0" el="389" ec="0" bec="0" bev="0" fileid="28" />
                <SequencePoint vc="0" uspid="25799" ordinal="0" offset="34" sl="392" sc="0" el="392" ec="0" bec="0" bev="0" fileid="28" />
                <SequencePoint vc="0" uspid="25800" ordinal="0" offset="43" sl="393" sc="0" el="393" ec="0" bec="0" bev="0" fileid="28" />
              </SequencePoints>
              <BranchPoints />
            </Method>
            <Method visited="false" cyclomaticComplexity="0" nPathComplexity="0" sequenceCoverage="0.0" branchCoverage="0" crapScore="0" isConstructor="false" isStatic="false" isGetter="true" isSetter="false">
              <Summary numSequencePoints="10" visitedSequencePoints="0" numBranchPoints="0" visitedBranchPoints="0" sequenceCoverage="0.0" branchCoverage="0" maxCyclomaticComplexity="0" minCyclomaticComplexity="0" maxCrapScore="0" minCrapScore="0" visitedClasses="0" numClasses="0" visitedMethods="0" numMethods="1" />
              <MetadataToken>100663316</MetadataToken>
              <Name>System.String Fusion.NetworkAssetSourceStatic[T]::get_Description()</Name>
              <FileRef uid="28" />
              <SequencePoints>
                <SequencePoint vc="0" uspid="25801" ordinal="0" offset="0" sl="397" sc="0" el="397" ec="0" bec="0" bev="0" fileid="28" />
                <SequencePoint vc="0" uspid="25802" ordinal="0" offset="1" sl="398" sc="0" el="398" ec="0" bec="0" bev="0" fileid="28" />
                <SequencePoint vc="0" uspid="25803" ordinal="0" offset="21" sl="398" sc="0" el="398" ec="0" bec="0" bev="0" fileid="28" />
                <SequencePoint vc="0" uspid="25804" ordinal="0" offset="22" sl="400" sc="0" el="400" ec="0" bec="0" bev="0" fileid="28" />
                <SequencePoint vc="0" uspid="25805" ordinal="0" offset="46" sl="400" sc="0" el="400" ec="0" bec="0" bev="0" fileid="28" />
                <SequencePoint vc="0" uspid="25806" ordinal="0" offset="47" sl="401" sc="0" el="401" ec="0" bec="0" bev="0" fileid="28" />
                <SequencePoint vc="0" uspid="25807" ordinal="0" offset="68" sl="404" sc="0" el="404" ec="0" bec="0" bev="0" fileid="28" />
                <SequencePoint vc="0" uspid="25808" ordinal="0" offset="105" sl="405" sc="0" el="405" ec="0" bec="0" bev="0" fileid="28" />
                <SequencePoint vc="0" uspid="25809" ordinal="0" offset="106" sl="406" sc="0" el="406" ec="0" bec="0" bev="0" fileid="28" />
                <SequencePoint vc="0" uspid="25810" ordinal="0" offset="115" sl="408" sc="0" el="408" ec="0" bec="0" bev="0" fileid="28" />
              </SequencePoints>
              <BranchPoints />
            </Method>
            <Method visited="false" cyclomaticComplexity="0" nPathComplexity="0" sequenceCoverage="0.0" branchCoverage="0" crapScore="0" isConstructor="false" isStatic="false" isGetter="true" isSetter="false">
              <Summary numSequencePoints="1" visitedSequencePoints="0" numBranchPoints="0" visitedBranchPoints="0" sequenceCoverage="0.0" branchCoverage="0" maxCyclomaticComplexity="0" minCyclomaticComplexity="0" maxCrapScore="0" minCrapScore="0" visitedClasses="0" numClasses="0" visitedMethods="0" numMethods="1" />
              <MetadataToken>100663317</MetadataToken>
              <Name>T Fusion.NetworkAssetSourceStatic[T]::get_EditorInstance()</Name>
              <FileRef uid="28" />
              <SequencePoints>
                <SequencePoint vc="0" uspid="25811" ordinal="0" offset="0" sl="415" sc="0" el="415" ec="0" bec="0" bev="0" fileid="28" />
              </SequencePoints>
              <BranchPoints />
            </Method>
          </Methods>
        </Class>
        <Class>
          <Summary numSequencePoints="27" visitedSequencePoints="0" numBranchPoints="0" visitedBranchPoints="0" sequenceCoverage="0.0" branchCoverage="0.0" maxCyclomaticComplexity="0" minCyclomaticComplexity="0" maxCrapScore="0" minCrapScore="0" visitedClasses="0" numClasses="1" visitedMethods="0" numMethods="8" />
          <FullName>Fusion.NetworkAssetSourceStaticLazy[T]</FullName>
          <Methods>
            <Method visited="false" cyclomaticComplexity="0" nPathComplexity="0" sequenceCoverage="0.0" branchCoverage="0" crapScore="0" isConstructor="false" isStatic="false" isGetter="true" isSetter="false">
              <Summary numSequencePoints="1" visitedSequencePoints="0" numBranchPoints="0" visitedBranchPoints="0" sequenceCoverage="0.0" branchCoverage="0" maxCyclomaticComplexity="0" minCyclomaticComplexity="0" maxCrapScore="0" minCrapScore="0" visitedClasses="0" numClasses="0" visitedMethods="0" numMethods="1" />
              <MetadataToken>100663319</MetadataToken>
              <Name>UnityEngine.LazyLoadReference[T] Fusion.NetworkAssetSourceStaticLazy[T]::get_Prefab()</Name>
              <FileRef uid="28" />
              <SequencePoints>
                <SequencePoint vc="0" uspid="25812" ordinal="0" offset="0" sl="448" sc="0" el="448" ec="0" bec="0" bev="0" fileid="28" />
              </SequencePoints>
              <BranchPoints />
            </Method>
            <Method visited="false" cyclomaticComplexity="0" nPathComplexity="0" sequenceCoverage="0.0" branchCoverage="0" crapScore="0" isConstructor="false" isStatic="false" isGetter="false" isSetter="true">
              <Summary numSequencePoints="1" visitedSequencePoints="0" numBranchPoints="0" visitedBranchPoints="0" sequenceCoverage="0.0" branchCoverage="0" maxCyclomaticComplexity="0" minCyclomaticComplexity="0" maxCrapScore="0" minCrapScore="0" visitedClasses="0" numClasses="0" visitedMethods="0" numMethods="1" />
              <MetadataToken>100663320</MetadataToken>
              <Name>System.Void Fusion.NetworkAssetSourceStaticLazy[T]::set_Prefab(UnityEngine.LazyLoadReference[T])</Name>
              <FileRef uid="28" />
              <SequencePoints>
                <SequencePoint vc="0" uspid="25813" ordinal="0" offset="0" sl="449" sc="0" el="449" ec="0" bec="0" bev="0" fileid="28" />
              </SequencePoints>
              <BranchPoints />
            </Method>
            <Method visited="false" cyclomaticComplexity="0" nPathComplexity="0" sequenceCoverage="0.0" branchCoverage="0" crapScore="0" isConstructor="false" isStatic="false" isGetter="true" isSetter="false">
              <Summary numSequencePoints="1" visitedSequencePoints="0" numBranchPoints="0" visitedBranchPoints="0" sequenceCoverage="0.0" branchCoverage="0" maxCyclomaticComplexity="0" minCyclomaticComplexity="0" maxCrapScore="0" minCrapScore="0" visitedClasses="0" numClasses="0" visitedMethods="0" numMethods="1" />
              <MetadataToken>100663321</MetadataToken>
              <Name>System.Boolean Fusion.NetworkAssetSourceStaticLazy[T]::get_IsCompleted()</Name>
              <FileRef uid="28" />
              <SequencePoints>
                <SequencePoint vc="0" uspid="25814" ordinal="0" offset="0" sl="453" sc="0" el="453" ec="0" bec="0" bev="0" fileid="28" />
              </SequencePoints>
              <BranchPoints />
            </Method>
            <Method visited="false" cyclomaticComplexity="0" nPathComplexity="0" sequenceCoverage="0.0" branchCoverage="0" crapScore="0" isConstructor="false" isStatic="false" isGetter="false" isSetter="false">
              <Summary numSequencePoints="2" visitedSequencePoints="0" numBranchPoints="0" visitedBranchPoints="0" sequenceCoverage="0.0" branchCoverage="0" maxCyclomaticComplexity="0" minCyclomaticComplexity="0" maxCrapScore="0" minCrapScore="0" visitedClasses="0" numClasses="0" visitedMethods="0" numMethods="1" />
              <MetadataToken>100663322</MetadataToken>
              <Name>System.Void Fusion.NetworkAssetSourceStaticLazy[T]::Acquire(System.Boolean)</Name>
              <FileRef uid="28" />
              <SequencePoints>
                <SequencePoint vc="0" uspid="25815" ordinal="0" offset="0" sl="456" sc="0" el="456" ec="0" bec="0" bev="0" fileid="28" />
                <SequencePoint vc="0" uspid="25816" ordinal="0" offset="1" sl="458" sc="0" el="458" ec="0" bec="0" bev="0" fileid="28" />
              </SequencePoints>
              <BranchPoints />
            </Method>
            <Method visited="false" cyclomaticComplexity="0" nPathComplexity="0" sequenceCoverage="0.0" branchCoverage="0" crapScore="0" isConstructor="false" isStatic="false" isGetter="false" isSetter="false">
              <Summary numSequencePoints="2" visitedSequencePoints="0" numBranchPoints="0" visitedBranchPoints="0" sequenceCoverage="0.0" branchCoverage="0" maxCyclomaticComplexity="0" minCyclomaticComplexity="0" maxCrapScore="0" minCrapScore="0" visitedClasses="0" numClasses="0" visitedMethods="0" numMethods="1" />
              <MetadataToken>100663323</MetadataToken>
              <Name>System.Void Fusion.NetworkAssetSourceStaticLazy[T]::Release()</Name>
              <FileRef uid="28" />
              <SequencePoints>
                <SequencePoint vc="0" uspid="25817" ordinal="0" offset="0" sl="461" sc="0" el="461" ec="0" bec="0" bev="0" fileid="28" />
                <SequencePoint vc="0" uspid="25818" ordinal="0" offset="1" sl="463" sc="0" el="463" ec="0" bec="0" bev="0" fileid="28" />
              </SequencePoints>
              <BranchPoints />
            </Method>
            <Method visited="false" cyclomaticComplexity="0" nPathComplexity="0" sequenceCoverage="0.0" branchCoverage="0" crapScore="0" isConstructor="false" isStatic="false" isGetter="false" isSetter="false">
              <Summary numSequencePoints="6" visitedSequencePoints="0" numBranchPoints="0" visitedBranchPoints="0" sequenceCoverage="0.0" branchCoverage="0" maxCyclomaticComplexity="0" minCyclomaticComplexity="0" maxCrapScore="0" minCrapScore="0" visitedClasses="0" numClasses="0" visitedMethods="0" numMethods="1" />
              <MetadataToken>100663324</MetadataToken>
              <Name>T Fusion.NetworkAssetSourceStaticLazy[T]::WaitForResult()</Name>
              <FileRef uid="28" />
              <SequencePoints>
                <SequencePoint vc="0" uspid="25819" ordinal="0" offset="0" sl="466" sc="0" el="466" ec="0" bec="0" bev="0" fileid="28" />
                <SequencePoint vc="0" uspid="25820" ordinal="0" offset="1" sl="467" sc="0" el="467" ec="0" bec="0" bev="0" fileid="28" />
                <SequencePoint vc="0" uspid="25821" ordinal="0" offset="27" sl="467" sc="0" el="467" ec="0" bec="0" bev="0" fileid="28" />
                <SequencePoint vc="0" uspid="25822" ordinal="0" offset="28" sl="468" sc="0" el="468" ec="0" bec="0" bev="0" fileid="28" />
                <SequencePoint vc="0" uspid="25823" ordinal="0" offset="39" sl="471" sc="0" el="471" ec="0" bec="0" bev="0" fileid="28" />
                <SequencePoint vc="0" uspid="25824" ordinal="0" offset="53" sl="472" sc="0" el="472" ec="0" bec="0" bev="0" fileid="28" />
              </SequencePoints>
              <BranchPoints />
            </Method>
            <Method visited="false" cyclomaticComplexity="0" nPathComplexity="0" sequenceCoverage="0.0" branchCoverage="0" crapScore="0" isConstructor="false" isStatic="false" isGetter="true" isSetter="false">
              <Summary numSequencePoints="13" visitedSequencePoints="0" numBranchPoints="0" visitedBranchPoints="0" sequenceCoverage="0.0" branchCoverage="0" maxCyclomaticComplexity="0" minCyclomaticComplexity="0" maxCrapScore="0" minCrapScore="0" visitedClasses="0" numClasses="0" visitedMethods="0" numMethods="1" />
              <MetadataToken>100663325</MetadataToken>
              <Name>System.String Fusion.NetworkAssetSourceStaticLazy[T]::get_Description()</Name>
              <FileRef uid="28" />
              <SequencePoints>
                <SequencePoint vc="0" uspid="25825" ordinal="0" offset="0" sl="476" sc="0" el="476" ec="0" bec="0" bev="0" fileid="28" />
                <SequencePoint vc="0" uspid="25826" ordinal="0" offset="1" sl="477" sc="0" el="477" ec="0" bec="0" bev="0" fileid="28" />
                <SequencePoint vc="0" uspid="25827" ordinal="0" offset="16" sl="477" sc="0" el="477" ec="0" bec="0" bev="0" fileid="28" />
                <SequencePoint vc="0" uspid="25828" ordinal="0" offset="17" sl="478" sc="0" el="478" ec="0" bec="0" bev="0" fileid="28" />
                <SequencePoint vc="0" uspid="25829" ordinal="0" offset="25" sl="479" sc="0" el="479" ec="0" bec="0" bev="0" fileid="28" />
                <SequencePoint vc="0" uspid="25830" ordinal="0" offset="40" sl="479" sc="0" el="479" ec="0" bec="0" bev="0" fileid="28" />
                <SequencePoint vc="0" uspid="25831" ordinal="0" offset="41" sl="481" sc="0" el="481" ec="0" bec="0" bev="0" fileid="28" />
                <SequencePoint vc="0" uspid="25832" ordinal="0" offset="62" sl="481" sc="0" el="481" ec="0" bec="0" bev="0" fileid="28" />
                <SequencePoint vc="0" uspid="25833" ordinal="0" offset="63" sl="482" sc="0" el="482" ec="0" bec="0" bev="0" fileid="28" />
                <SequencePoint vc="0" uspid="25834" ordinal="0" offset="84" sl="485" sc="0" el="485" ec="0" bec="0" bev="0" fileid="28" />
                <SequencePoint vc="0" uspid="25835" ordinal="0" offset="125" sl="486" sc="0" el="486" ec="0" bec="0" bev="0" fileid="28" />
                <SequencePoint vc="0" uspid="25836" ordinal="0" offset="126" sl="487" sc="0" el="487" ec="0" bec="0" bev="0" fileid="28" />
                <SequencePoint vc="0" uspid="25837" ordinal="0" offset="134" sl="489" sc="0" el="489" ec="0" bec="0" bev="0" fileid="28" />
              </SequencePoints>
              <BranchPoints />
            </Method>
            <Method visited="false" cyclomaticComplexity="0" nPathComplexity="0" sequenceCoverage="0.0" branchCoverage="0" crapScore="0" isConstructor="false" isStatic="false" isGetter="true" isSetter="false">
              <Summary numSequencePoints="1" visitedSequencePoints="0" numBranchPoints="0" visitedBranchPoints="0" sequenceCoverage="0.0" branchCoverage="0" maxCyclomaticComplexity="0" minCyclomaticComplexity="0" maxCrapScore="0" minCrapScore="0" visitedClasses="0" numClasses="0" visitedMethods="0" numMethods="1" />
              <MetadataToken>100663326</MetadataToken>
              <Name>T Fusion.NetworkAssetSourceStaticLazy[T]::get_EditorInstance()</Name>
              <FileRef uid="28" />
              <SequencePoints>
                <SequencePoint vc="0" uspid="25838" ordinal="0" offset="0" sl="494" sc="0" el="494" ec="0" bec="0" bev="0" fileid="28" />
              </SequencePoints>
              <BranchPoints />
            </Method>
          </Methods>
        </Class>
        <Class>
          <Summary numSequencePoints="16" visitedSequencePoints="0" numBranchPoints="0" visitedBranchPoints="0" sequenceCoverage="0.0" branchCoverage="0.0" maxCyclomaticComplexity="0" minCyclomaticComplexity="0" maxCrapScore="0" minCrapScore="0" visitedClasses="0" numClasses="1" visitedMethods="0" numMethods="1" />
          <FullName>Fusion.JsonUtilityExtensions</FullName>
          <Methods>
            <Method visited="false" cyclomaticComplexity="0" nPathComplexity="0" sequenceCoverage="0.0" branchCoverage="0" crapScore="0" isConstructor="false" isStatic="true" isGetter="false" isSetter="false">
              <Summary numSequencePoints="16" visitedSequencePoints="0" numBranchPoints="0" visitedBranchPoints="0" sequenceCoverage="0.0" branchCoverage="0" maxCyclomaticComplexity="0" minCyclomaticComplexity="0" maxCrapScore="0" minCrapScore="0" visitedClasses="0" numClasses="0" visitedMethods="0" numMethods="1" />
              <MetadataToken>100663367</MetadataToken>
              <Name>static T Fusion.JsonUtilityExtensions::FromJsonWithTypeAnnotation[T](System.String, Fusion.JsonUtilityExtensions/TypeResolverDelegate)</Name>
              <FileRef uid="28" />
              <SequencePoints>
                <SequencePoint vc="0" uspid="26223" ordinal="0" offset="0" sl="1255" sc="0" el="1255" ec="0" bec="0" bev="0" fileid="28" />
                <SequencePoint vc="0" uspid="26224" ordinal="0" offset="1" sl="1256" sc="0" el="1256" ec="0" bec="0" bev="0" fileid="28" />
                <SequencePoint vc="0" uspid="26225" ordinal="0" offset="20" sl="1256" sc="0" el="1256" ec="0" bec="0" bev="0" fileid="28" />
                <SequencePoint vc="0" uspid="26226" ordinal="0" offset="21" sl="1257" sc="0" el="1257" ec="0" bec="0" bev="0" fileid="28" />
                <SequencePoint vc="0" uspid="26227" ordinal="0" offset="61" sl="1258" sc="0" el="1258" ec="0" bec="0" bev="0" fileid="28" />
                <SequencePoint vc="0" uspid="26228" ordinal="0" offset="73" sl="1259" sc="0" el="1259" ec="0" bec="0" bev="0" fileid="28" />
                <SequencePoint vc="0" uspid="26229" ordinal="0" offset="82" sl="1261" sc="0" el="1261" ec="0" bec="0" bev="0" fileid="28" />
                <SequencePoint vc="0" uspid="26230" ordinal="0" offset="109" sl="1262" sc="0" el="1262" ec="0" bec="0" bev="0" fileid="28" />
                <SequencePoint vc="0" uspid="26231" ordinal="0" offset="118" sl="1263" sc="0" el="1263" ec="0" bec="0" bev="0" fileid="28" />
                <SequencePoint vc="0" uspid="26232" ordinal="0" offset="128" sl="1266" sc="0" el="1266" ec="0" bec="0" bev="0" fileid="28" />
                <SequencePoint vc="0" uspid="26233" ordinal="0" offset="170" sl="1266" sc="0" el="1266" ec="0" bec="0" bev="0" fileid="28" />
                <SequencePoint vc="0" uspid="26234" ordinal="0" offset="171" sl="1267" sc="0" el="1267" ec="0" bec="0" bev="0" fileid="28" />
                <SequencePoint vc="0" uspid="26235" ordinal="0" offset="193" sl="1268" sc="0" el="1268" ec="0" bec="0" bev="0" fileid="28" />
                <SequencePoint vc="0" uspid="26236" ordinal="0" offset="203" sl="1269" sc="0" el="1269" ec="0" bec="0" bev="0" fileid="28" />
                <SequencePoint vc="0" uspid="26237" ordinal="0" offset="214" sl="1272" sc="0" el="1272" ec="0" bec="0" bev="0" fileid="28" />
                <SequencePoint vc="0" uspid="26238" ordinal="0" offset="231" sl="1273" sc="0" el="1273" ec="0" bec="0" bev="0" fileid="28" />
              </SequencePoints>
              <BranchPoints />
            </Method>
          </Methods>
        </Class>
        <Class>
          <Summary numSequencePoints="5" visitedSequencePoints="0" numBranchPoints="0" visitedBranchPoints="0" sequenceCoverage="0.0" branchCoverage="0.0" maxCyclomaticComplexity="0" minCyclomaticComplexity="0" maxCrapScore="0" minCrapScore="0" visitedClasses="0" numClasses="1" visitedMethods="0" numMethods="2" />
          <FullName>Fusion.FusionMppm</FullName>
          <Methods>
            <Method visited="false" cyclomaticComplexity="0" nPathComplexity="0" sequenceCoverage="0.0" branchCoverage="0" crapScore="0" isConstructor="false" isStatic="false" isGetter="false" isSetter="false">
              <Summary numSequencePoints="2" visitedSequencePoints="0" numBranchPoints="0" visitedBranchPoints="0" sequenceCoverage="0.0" branchCoverage="0" maxCyclomaticComplexity="0" minCyclomaticComplexity="0" maxCrapScore="0" minCrapScore="0" visitedClasses="0" numClasses="0" visitedMethods="0" numMethods="1" />
              <MetadataToken>100663376</MetadataToken>
              <Name>System.Void Fusion.FusionMppm::Send[T](T)</Name>
              <FileRef uid="28" />
              <SequencePoints>
                <SequencePoint vc="0" uspid="26436" ordinal="0" offset="0" sl="1829" sc="0" el="1829" ec="0" bec="0" bev="0" fileid="28" />
                <SequencePoint vc="0" uspid="26437" ordinal="0" offset="1" sl="1834" sc="0" el="1834" ec="0" bec="0" bev="0" fileid="28" />
              </SequencePoints>
              <BranchPoints />
            </Method>
            <Method visited="false" cyclomaticComplexity="0" nPathComplexity="0" sequenceCoverage="0.0" branchCoverage="0" crapScore="0" isConstructor="false" isStatic="true" isGetter="false" isSetter="false">
              <Summary numSequencePoints="3" visitedSequencePoints="0" numBranchPoints="0" visitedBranchPoints="0" sequenceCoverage="0.0" branchCoverage="0" maxCyclomaticComplexity="0" minCyclomaticComplexity="0" maxCrapScore="0" minCrapScore="0" visitedClasses="0" numClasses="0" visitedMethods="0" numMethods="1" />
              <MetadataToken>100663377</MetadataToken>
              <Name>static System.Void Fusion.FusionMppm::Broadcast[T](T)</Name>
              <FileRef uid="28" />
              <SequencePoints>
                <SequencePoint vc="0" uspid="26438" ordinal="0" offset="0" sl="1848" sc="0" el="1848" ec="0" bec="0" bev="0" fileid="28" />
                <SequencePoint vc="0" uspid="26439" ordinal="0" offset="1" sl="1849" sc="0" el="1849" ec="0" bec="0" bev="0" fileid="28" />
                <SequencePoint vc="0" uspid="26440" ordinal="0" offset="19" sl="1850" sc="0" el="1850" ec="0" bec="0" bev="0" fileid="28" />
              </SequencePoints>
              <BranchPoints />
            </Method>
          </Methods>
        </Class>
        <Class>
          <Summary numSequencePoints="17" visitedSequencePoints="0" numBranchPoints="0" visitedBranchPoints="0" sequenceCoverage="0.0" branchCoverage="0.0" maxCyclomaticComplexity="0" minCyclomaticComplexity="0" maxCrapScore="0" minCrapScore="0" visitedClasses="0" numClasses="1" visitedMethods="0" numMethods="2" />
          <FullName>Fusion.NetworkObjectBaker</FullName>
          <Methods>
            <Method visited="false" cyclomaticComplexity="0" nPathComplexity="0" sequenceCoverage="0.0" branchCoverage="0" crapScore="0" isConstructor="false" isStatic="false" isGetter="false" isSetter="false">
              <Summary numSequencePoints="8" visitedSequencePoints="0" numBranchPoints="0" visitedBranchPoints="0" sequenceCoverage="0.0" branchCoverage="0" maxCyclomaticComplexity="0" minCyclomaticComplexity="0" maxCrapScore="0" minCrapScore="0" visitedClasses="0" numClasses="0" visitedMethods="0" numMethods="1" />
              <MetadataToken>100663392</MetadataToken>
              <Name>System.Boolean Fusion.NetworkObjectBaker::Set[T](UnityEngine.MonoBehaviour, , T)</Name>
              <FileRef uid="28" />
              <SequencePoints>
                <SequencePoint vc="0" uspid="26581" ordinal="0" offset="0" sl="2377" sc="0" el="2377" ec="0" bec="0" bev="0" fileid="28" />
                <SequencePoint vc="0" uspid="26582" ordinal="0" offset="1" sl="2378" sc="0" el="2378" ec="0" bec="0" bev="0" fileid="28" />
                <SequencePoint vc="0" uspid="26583" ordinal="0" offset="25" sl="2378" sc="0" el="2378" ec="0" bec="0" bev="0" fileid="28" />
                <SequencePoint vc="0" uspid="26584" ordinal="0" offset="26" sl="2380" sc="0" el="2380" ec="0" bec="0" bev="0" fileid="28" />
                <SequencePoint vc="0" uspid="26585" ordinal="0" offset="33" sl="2381" sc="0" el="2381" ec="0" bec="0" bev="0" fileid="28" />
                <SequencePoint vc="0" uspid="26586" ordinal="0" offset="37" sl="2382" sc="0" el="2382" ec="0" bec="0" bev="0" fileid="28" />
                <SequencePoint vc="0" uspid="26587" ordinal="0" offset="38" sl="2383" sc="0" el="2383" ec="0" bec="0" bev="0" fileid="28" />
                <SequencePoint vc="0" uspid="26588" ordinal="0" offset="42" sl="2385" sc="0" el="2385" ec="0" bec="0" bev="0" fileid="28" />
              </SequencePoints>
              <BranchPoints />
            </Method>
            <Method visited="false" cyclomaticComplexity="0" nPathComplexity="0" sequenceCoverage="0.0" branchCoverage="0" crapScore="0" isConstructor="false" isStatic="false" isGetter="false" isSetter="false">
              <Summary numSequencePoints="9" visitedSequencePoints="0" numBranchPoints="0" visitedBranchPoints="0" sequenceCoverage="0.0" branchCoverage="0" maxCyclomaticComplexity="0" minCyclomaticComplexity="0" maxCrapScore="0" minCrapScore="0" visitedClasses="0" numClasses="0" visitedMethods="0" numMethods="1" />
              <MetadataToken>100663393</MetadataToken>
              <Name>System.Boolean Fusion.NetworkObjectBaker::Set[T](UnityEngine.MonoBehaviour, , System.Collections.Generic.List[T])</Name>
              <FileRef uid="28" />
              <SequencePoints>
                <SequencePoint vc="0" uspid="26589" ordinal="0" offset="0" sl="2387" sc="0" el="2387" ec="0" bec="0" bev="0" fileid="28" />
                <SequencePoint vc="0" uspid="26590" ordinal="0" offset="1" sl="2388" sc="0" el="2388" ec="0" bec="0" bev="0" fileid="28" />
                <SequencePoint vc="0" uspid="26591" ordinal="0" offset="7" sl="2389" sc="0" el="2389" ec="0" bec="0" bev="0" fileid="28" />
                <SequencePoint vc="0" uspid="26592" ordinal="0" offset="42" sl="2389" sc="0" el="2389" ec="0" bec="0" bev="0" fileid="28" />
                <SequencePoint vc="0" uspid="26593" ordinal="0" offset="43" sl="2391" sc="0" el="2391" ec="0" bec="0" bev="0" fileid="28" />
                <SequencePoint vc="0" uspid="26594" ordinal="0" offset="51" sl="2392" sc="0" el="2392" ec="0" bec="0" bev="0" fileid="28" />
                <SequencePoint vc="0" uspid="26595" ordinal="0" offset="55" sl="2393" sc="0" el="2393" ec="0" bec="0" bev="0" fileid="28" />
                <SequencePoint vc="0" uspid="26596" ordinal="0" offset="56" sl="2394" sc="0" el="2394" ec="0" bec="0" bev="0" fileid="28" />
                <SequencePoint vc="0" uspid="26597" ordinal="0" offset="60" sl="2396" sc="0" el="2396" ec="0" bec="0" bev="0" fileid="28" />
              </SequencePoints>
              <BranchPoints />
            </Method>
          </Methods>
        </Class>
        <Class>
          <Summary numSequencePoints="58" visitedSequencePoints="0" numBranchPoints="0" visitedBranchPoints="0" sequenceCoverage="0.0" branchCoverage="0.0" maxCyclomaticComplexity="0" minCyclomaticComplexity="0" maxCrapScore="0" minCrapScore="0" visitedClasses="0" numClasses="1" visitedMethods="0" numMethods="4" />
          <FullName>Fusion.FusionUnitySceneManagerUtils</FullName>
          <Methods>
            <Method visited="false" cyclomaticComplexity="0" nPathComplexity="0" sequenceCoverage="0.0" branchCoverage="0" crapScore="0" isConstructor="false" isStatic="true" isGetter="false" isSetter="false">
              <Summary numSequencePoints="3" visitedSequencePoints="0" numBranchPoints="0" visitedBranchPoints="0" sequenceCoverage="0.0" branchCoverage="0" maxCyclomaticComplexity="0" minCyclomaticComplexity="0" maxCrapScore="0" minCrapScore="0" visitedClasses="0" numClasses="0" visitedMethods="0" numMethods="1" />
              <MetadataToken>100663407</MetadataToken>
              <Name>static Fusion.FusionUnitySceneManagerUtils::GetComponents[T](UnityEngine.SceneManagement.Scene, System.Boolean)</Name>
              <FileRef uid="28" />
              <SequencePoints>
                <SequencePoint vc="0" uspid="26688" ordinal="0" offset="0" sl="3773" sc="0" el="3773" ec="0" bec="0" bev="0" fileid="28" />
                <SequencePoint vc="0" uspid="26689" ordinal="0" offset="1" sl="3774" sc="0" el="3774" ec="0" bec="0" bev="0" fileid="28" />
                <SequencePoint vc="0" uspid="26690" ordinal="0" offset="13" sl="3775" sc="0" el="3775" ec="0" bec="0" bev="0" fileid="28" />
              </SequencePoints>
              <BranchPoints />
            </Method>
            <Method visited="false" cyclomaticComplexity="0" nPathComplexity="0" sequenceCoverage="0.0" branchCoverage="0" crapScore="0" isConstructor="false" isStatic="true" isGetter="false" isSetter="false">
              <Summary numSequencePoints="20" visitedSequencePoints="0" numBranchPoints="0" visitedBranchPoints="0" sequenceCoverage="0.0" branchCoverage="0" maxCyclomaticComplexity="0" minCyclomaticComplexity="0" maxCrapScore="0" minCrapScore="0" visitedClasses="0" numClasses="0" visitedMethods="0" numMethods="1" />
              <MetadataToken>100663408</MetadataToken>
              <Name>static Fusion.FusionUnitySceneManagerUtils::GetComponents[T](UnityEngine.SceneManagement.Scene, System.Boolean, UnityEngine.GameObject[]&amp;)</Name>
              <FileRef uid="28" />
              <SequencePoints>
                <SequencePoint vc="0" uspid="26691" ordinal="0" offset="0" sl="3785" sc="0" el="3785" ec="0" bec="0" bev="0" fileid="28" />
                <SequencePoint vc="0" uspid="26692" ordinal="0" offset="1" sl="3786" sc="0" el="3786" ec="0" bec="0" bev="0" fileid="28" />
                <SequencePoint vc="0" uspid="26693" ordinal="0" offset="10" sl="3788" sc="0" el="3788" ec="0" bec="0" bev="0" fileid="28" />
                <SequencePoint vc="0" uspid="26694" ordinal="0" offset="16" sl="3789" sc="0" el="3789" ec="0" bec="0" bev="0" fileid="28" />
                <SequencePoint vc="0" uspid="26695" ordinal="0" offset="22" sl="3791" sc="0" el="3791" ec="0" bec="0" bev="0" fileid="28" />
                <SequencePoint vc="0" uspid="26696" ordinal="0" offset="23" sl="3791" sc="0" el="3791" ec="0" bec="0" bev="0" fileid="28" />
                <SequencePoint vc="0" uspid="26697" ordinal="0" offset="30" sl="3791" sc="0" el="3791" ec="0" bec="0" bev="0" fileid="28" />
                <SequencePoint vc="0" uspid="26698" ordinal="0" offset="35" sl="3791" sc="0" el="3791" ec="0" bec="0" bev="0" fileid="28" />
                <SequencePoint vc="0" uspid="26699" ordinal="0" offset="36" sl="3793" sc="0" el="3793" ec="0" bec="0" bev="0" fileid="28" />
                <SequencePoint vc="0" uspid="26700" ordinal="0" offset="46" sl="3795" sc="0" el="3795" ec="0" bec="0" bev="0" fileid="28" />
                <SequencePoint vc="0" uspid="26701" ordinal="0" offset="47" sl="3795" sc="0" el="3795" ec="0" bec="0" bev="0" fileid="28" />
                <SequencePoint vc="0" uspid="26702" ordinal="0" offset="57" sl="3795" sc="0" el="3795" ec="0" bec="0" bev="0" fileid="28" />
                <SequencePoint vc="0" uspid="26703" ordinal="0" offset="66" sl="3795" sc="0" el="3795" ec="0" bec="0" bev="0" fileid="28" />
                <SequencePoint vc="0" uspid="26704" ordinal="0" offset="67" sl="3796" sc="0" el="3796" ec="0" bec="0" bev="0" fileid="28" />
                <SequencePoint vc="0" uspid="26705" ordinal="0" offset="76" sl="3797" sc="0" el="3797" ec="0" bec="0" bev="0" fileid="28" />
                <SequencePoint vc="0" uspid="26706" ordinal="0" offset="77" sl="3795" sc="0" el="3795" ec="0" bec="0" bev="0" fileid="28" />
                <SequencePoint vc="0" uspid="26707" ordinal="0" offset="103" sl="3798" sc="0" el="3798" ec="0" bec="0" bev="0" fileid="28" />
                <SequencePoint vc="0" uspid="26708" ordinal="0" offset="108" sl="3791" sc="0" el="3791" ec="0" bec="0" bev="0" fileid="28" />
                <SequencePoint vc="0" uspid="26709" ordinal="0" offset="114" sl="3799" sc="0" el="3799" ec="0" bec="0" bev="0" fileid="28" />
                <SequencePoint vc="0" uspid="26710" ordinal="0" offset="124" sl="3800" sc="0" el="3800" ec="0" bec="0" bev="0" fileid="28" />
              </SequencePoints>
              <BranchPoints />
            </Method>
            <Method visited="false" cyclomaticComplexity="0" nPathComplexity="0" sequenceCoverage="0.0" branchCoverage="0" crapScore="0" isConstructor="false" isStatic="true" isGetter="false" isSetter="false">
              <Summary numSequencePoints="20" visitedSequencePoints="0" numBranchPoints="0" visitedBranchPoints="0" sequenceCoverage="0.0" branchCoverage="0" maxCyclomaticComplexity="0" minCyclomaticComplexity="0" maxCrapScore="0" minCrapScore="0" visitedClasses="0" numClasses="0" visitedMethods="0" numMethods="1" />
              <MetadataToken>100663409</MetadataToken>
              <Name>static System.Void Fusion.FusionUnitySceneManagerUtils::GetComponents[T](UnityEngine.SceneManagement.Scene, System.Collections.Generic.List[T], System.Boolean)</Name>
              <FileRef uid="28" />
              <SequencePoints>
                <SequencePoint vc="0" uspid="26711" ordinal="0" offset="0" sl="3812" sc="0" el="3812" ec="0" bec="0" bev="0" fileid="28" />
                <SequencePoint vc="0" uspid="26712" ordinal="0" offset="1" sl="3813" sc="0" el="3813" ec="0" bec="0" bev="0" fileid="28" />
                <SequencePoint vc="0" uspid="26713" ordinal="0" offset="7" sl="3814" sc="0" el="3814" ec="0" bec="0" bev="0" fileid="28" />
                <SequencePoint vc="0" uspid="26714" ordinal="0" offset="16" sl="3815" sc="0" el="3815" ec="0" bec="0" bev="0" fileid="28" />
                <SequencePoint vc="0" uspid="26715" ordinal="0" offset="23" sl="3817" sc="0" el="3817" ec="0" bec="0" bev="0" fileid="28" />
                <SequencePoint vc="0" uspid="26716" ordinal="0" offset="29" sl="3819" sc="0" el="3819" ec="0" bec="0" bev="0" fileid="28" />
                <SequencePoint vc="0" uspid="26717" ordinal="0" offset="30" sl="3819" sc="0" el="3819" ec="0" bec="0" bev="0" fileid="28" />
                <SequencePoint vc="0" uspid="26718" ordinal="0" offset="39" sl="3819" sc="0" el="3819" ec="0" bec="0" bev="0" fileid="28" />
                <SequencePoint vc="0" uspid="26719" ordinal="0" offset="47" sl="3819" sc="0" el="3819" ec="0" bec="0" bev="0" fileid="28" />
                <SequencePoint vc="0" uspid="26720" ordinal="0" offset="48" sl="3821" sc="0" el="3821" ec="0" bec="0" bev="0" fileid="28" />
                <SequencePoint vc="0" uspid="26721" ordinal="0" offset="57" sl="3823" sc="0" el="3823" ec="0" bec="0" bev="0" fileid="28" />
                <SequencePoint vc="0" uspid="26722" ordinal="0" offset="58" sl="3823" sc="0" el="3823" ec="0" bec="0" bev="0" fileid="28" />
                <SequencePoint vc="0" uspid="26723" ordinal="0" offset="68" sl="3823" sc="0" el="3823" ec="0" bec="0" bev="0" fileid="28" />
                <SequencePoint vc="0" uspid="26724" ordinal="0" offset="77" sl="3823" sc="0" el="3823" ec="0" bec="0" bev="0" fileid="28" />
                <SequencePoint vc="0" uspid="26725" ordinal="0" offset="78" sl="3824" sc="0" el="3824" ec="0" bec="0" bev="0" fileid="28" />
                <SequencePoint vc="0" uspid="26726" ordinal="0" offset="87" sl="3825" sc="0" el="3825" ec="0" bec="0" bev="0" fileid="28" />
                <SequencePoint vc="0" uspid="26727" ordinal="0" offset="88" sl="3823" sc="0" el="3823" ec="0" bec="0" bev="0" fileid="28" />
                <SequencePoint vc="0" uspid="26728" ordinal="0" offset="114" sl="3826" sc="0" el="3826" ec="0" bec="0" bev="0" fileid="28" />
                <SequencePoint vc="0" uspid="26729" ordinal="0" offset="115" sl="3819" sc="0" el="3819" ec="0" bec="0" bev="0" fileid="28" />
                <SequencePoint vc="0" uspid="26730" ordinal="0" offset="141" sl="3827" sc="0" el="3827" ec="0" bec="0" bev="0" fileid="28" />
              </SequencePoints>
              <BranchPoints />
            </Method>
            <Method visited="false" cyclomaticComplexity="0" nPathComplexity="0" sequenceCoverage="0.0" branchCoverage="0" crapScore="0" isConstructor="false" isStatic="true" isGetter="false" isSetter="false">
              <Summary numSequencePoints="15" visitedSequencePoints="0" numBranchPoints="0" visitedBranchPoints="0" sequenceCoverage="0.0" branchCoverage="0" maxCyclomaticComplexity="0" minCyclomaticComplexity="0" maxCrapScore="0" minCrapScore="0" visitedClasses="0" numClasses="0" visitedMethods="0" numMethods="1" />
              <MetadataToken>100663410</MetadataToken>
              <Name>static T Fusion.FusionUnitySceneManagerUtils::FindComponent[T](UnityEngine.SceneManagement.Scene, System.Boolean)</Name>
              <FileRef uid="28" />
              <SequencePoints>
                <SequencePoint vc="0" uspid="26731" ordinal="0" offset="0" sl="3836" sc="0" el="3836" ec="0" bec="0" bev="0" fileid="28" />
                <SequencePoint vc="0" uspid="26732" ordinal="0" offset="1" sl="3837" sc="0" el="3837" ec="0" bec="0" bev="0" fileid="28" />
                <SequencePoint vc="0" uspid="26733" ordinal="0" offset="7" sl="3838" sc="0" el="3838" ec="0" bec="0" bev="0" fileid="28" />
                <SequencePoint vc="0" uspid="26734" ordinal="0" offset="16" sl="3840" sc="0" el="3840" ec="0" bec="0" bev="0" fileid="28" />
                <SequencePoint vc="0" uspid="26735" ordinal="0" offset="17" sl="3840" sc="0" el="3840" ec="0" bec="0" bev="0" fileid="28" />
                <SequencePoint vc="0" uspid="26736" ordinal="0" offset="26" sl="3840" sc="0" el="3840" ec="0" bec="0" bev="0" fileid="28" />
                <SequencePoint vc="0" uspid="26737" ordinal="0" offset="34" sl="3840" sc="0" el="3840" ec="0" bec="0" bev="0" fileid="28" />
                <SequencePoint vc="0" uspid="26738" ordinal="0" offset="35" sl="3842" sc="0" el="3842" ec="0" bec="0" bev="0" fileid="28" />
                <SequencePoint vc="0" uspid="26739" ordinal="0" offset="43" sl="3843" sc="0" el="3843" ec="0" bec="0" bev="0" fileid="28" />
                <SequencePoint vc="0" uspid="26740" ordinal="0" offset="61" sl="3843" sc="0" el="3843" ec="0" bec="0" bev="0" fileid="28" />
                <SequencePoint vc="0" uspid="26741" ordinal="0" offset="62" sl="3844" sc="0" el="3844" ec="0" bec="0" bev="0" fileid="28" />
                <SequencePoint vc="0" uspid="26742" ordinal="0" offset="67" sl="3846" sc="0" el="3846" ec="0" bec="0" bev="0" fileid="28" />
                <SequencePoint vc="0" uspid="26743" ordinal="0" offset="68" sl="3840" sc="0" el="3840" ec="0" bec="0" bev="0" fileid="28" />
[...]
              <FileRef uid="107" />
              <SequencePoints>
                <SequencePoint vc="0" uspid="47640" ordinal="0" offset="0" sl="6190" sc="0" el="6190" ec="0" bec="0" bev="0" fileid="107" />
                <SequencePoint vc="0" uspid="47641" ordinal="0" offset="1" sl="6191" sc="0" el="6191" ec="0" bec="0" bev="0" fileid="107" />
                <SequencePoint vc="0" uspid="47642" ordinal="0" offset="13" sl="6192" sc="0" el="6192" ec="0" bec="0" bev="0" fileid="107" />
                <SequencePoint vc="0" uspid="47643" ordinal="0" offset="25" sl="6193" sc="0" el="6193" ec="0" bec="0" bev="0" fileid="107" />
                <SequencePoint vc="0" uspid="47644" ordinal="0" offset="33" sl="6194" sc="0" el="6194" ec="0" bec="0" bev="0" fileid="107" />
                <SequencePoint vc="0" uspid="47645" ordinal="0" offset="41" sl="6195" sc="0" el="6195" ec="0" bec="0" bev="0" fileid="107" />
                <SequencePoint vc="0" uspid="47646" ordinal="0" offset="45" sl="6196" sc="0" el="6196" ec="0" bec="0" bev="0" fileid="107" />
              </SequencePoints>
              <BranchPoints />
            </Method>
            <Method visited="false" cyclomaticComplexity="0" nPathComplexity="0" sequenceCoverage="0.0" branchCoverage="0" crapScore="0" isConstructor="false" isStatic="true" isGetter="false" isSetter="false">
              <Summary numSequencePoints="11" visitedSequencePoints="0" numBranchPoints="0" visitedBranchPoints="0" sequenceCoverage="0.0" branchCoverage="0" maxCyclomaticComplexity="0" minCyclomaticComplexity="0" maxCrapScore="0" minCrapScore="0" visitedClasses="0" numClasses="0" visitedMethods="0" numMethods="1" />
              <MetadataToken>100663687</MetadataToken>
              <Name>static Mono.Cecil.MethodReference Fusion.CodeGen.MonoCecilExtensions::ImportMethod[TResult](Mono.Cecil.ModuleDefinition, System.Linq.Expressions.Expression[Func`1], Mono.Cecil.TypeReference)</Name>
              <FileRef uid="107" />
              <SequencePoints>
                <SequencePoint vc="0" uspid="47647" ordinal="0" offset="0" sl="6198" sc="0" el="6198" ec="0" bec="0" bev="0" fileid="107" />
                <SequencePoint vc="0" uspid="47648" ordinal="0" offset="1" sl="6200" sc="0" el="6200" ec="0" bec="0" bev="0" fileid="107" />
                <SequencePoint vc="0" uspid="47649" ordinal="0" offset="39" sl="6202" sc="0" el="6202" ec="0" bec="0" bev="0" fileid="107" />
                <SequencePoint vc="0" uspid="47650" ordinal="0" offset="46" sl="6203" sc="0" el="6203" ec="0" bec="0" bev="0" fileid="107" />
                <SequencePoint vc="0" uspid="47651" ordinal="0" offset="50" sl="6205" sc="0" el="6205" ec="0" bec="0" bev="0" fileid="107" />
                <SequencePoint vc="0" uspid="47652" ordinal="0" offset="57" sl="6206" sc="0" el="6206" ec="0" bec="0" bev="0" fileid="107" />
                <SequencePoint vc="0" uspid="47653" ordinal="0" offset="59" sl="6208" sc="0" el="6208" ec="0" bec="0" bev="0" fileid="107" />
                <SequencePoint vc="0" uspid="47654" ordinal="0" offset="86" sl="6211" sc="0" el="6211" ec="0" bec="0" bev="0" fileid="107" />
                <SequencePoint vc="0" uspid="47655" ordinal="0" offset="94" sl="6212" sc="0" el="6212" ec="0" bec="0" bev="0" fileid="107" />
                <SequencePoint vc="0" uspid="47656" ordinal="0" offset="102" sl="6213" sc="0" el="6213" ec="0" bec="0" bev="0" fileid="107" />
                <SequencePoint vc="0" uspid="47657" ordinal="0" offset="107" sl="6214" sc="0" el="6214" ec="0" bec="0" bev="0" fileid="107" />
              </SequencePoints>
              <BranchPoints />
            </Method>
            <Method visited="false" cyclomaticComplexity="0" nPathComplexity="0" sequenceCoverage="0.0" branchCoverage="0" crapScore="0" isConstructor="false" isStatic="true" isGetter="false" isSetter="false">
              <Summary numSequencePoints="6" visitedSequencePoints="0" numBranchPoints="0" visitedBranchPoints="0" sequenceCoverage="0.0" branchCoverage="0" maxCyclomaticComplexity="0" minCyclomaticComplexity="0" maxCrapScore="0" minCrapScore="0" visitedClasses="0" numClasses="0" visitedMethods="0" numMethods="1" />
              <MetadataToken>100663688</MetadataToken>
              <Name>static Mono.Cecil.MethodReference Fusion.CodeGen.MonoCecilExtensions::ImportMethod[T, TResult](Mono.Cecil.ModuleDefinition, System.Linq.Expressions.Expression[Func`2], Mono.Cecil.TypeReference)</Name>
              <FileRef uid="107" />
              <SequencePoints>
                <SequencePoint vc="0" uspid="47658" ordinal="0" offset="0" sl="6216" sc="0" el="6216" ec="0" bec="0" bev="0" fileid="107" />
                <SequencePoint vc="0" uspid="47659" ordinal="0" offset="1" sl="6217" sc="0" el="6217" ec="0" bec="0" bev="0" fileid="107" />
                <SequencePoint vc="0" uspid="47660" ordinal="0" offset="13" sl="6218" sc="0" el="6218" ec="0" bec="0" bev="0" fileid="107" />
                <SequencePoint vc="0" uspid="47661" ordinal="0" offset="26" sl="6219" sc="0" el="6219" ec="0" bec="0" bev="0" fileid="107" />
                <SequencePoint vc="0" uspid="47662" ordinal="0" offset="34" sl="6220" sc="0" el="6220" ec="0" bec="0" bev="0" fileid="107" />
                <SequencePoint vc="0" uspid="47663" ordinal="0" offset="38" sl="6221" sc="0" el="6221" ec="0" bec="0" bev="0" fileid="107" />
              </SequencePoints>
              <BranchPoints />
            </Method>
            <Method visited="false" cyclomaticComplexity="0" nPathComplexity="0" sequenceCoverage="0.0" branchCoverage="0" crapScore="0" isConstructor="false" isStatic="true" isGetter="false" isSetter="false">
              <Summary numSequencePoints="6" visitedSequencePoints="0" numBranchPoints="0" visitedBranchPoints="0" sequenceCoverage="0.0" branchCoverage="0" maxCyclomaticComplexity="0" minCyclomaticComplexity="0" maxCrapScore="0" minCrapScore="0" visitedClasses="0" numClasses="0" visitedMethods="0" numMethods="1" />
              <MetadataToken>100663689</MetadataToken>
              <Name>static Mono.Cecil.MethodReference Fusion.CodeGen.MonoCecilExtensions::ImportMethod[T](Mono.Cecil.ModuleDefinition, System.Linq.Expressions.Expression[Action`1], Mono.Cecil.TypeReference)</Name>
              <FileRef uid="107" />
              <SequencePoints>
                <SequencePoint vc="0" uspid="47664" ordinal="0" offset="0" sl="6223" sc="0" el="6223" ec="0" bec="0" bev="0" fileid="107" />
                <SequencePoint vc="0" uspid="47665" ordinal="0" offset="1" sl="6224" sc="0" el="6224" ec="0" bec="0" bev="0" fileid="107" />
                <SequencePoint vc="0" uspid="47666" ordinal="0" offset="13" sl="6225" sc="0" el="6225" ec="0" bec="0" bev="0" fileid="107" />
                <SequencePoint vc="0" uspid="47667" ordinal="0" offset="26" sl="6226" sc="0" el="6226" ec="0" bec="0" bev="0" fileid="107" />
                <SequencePoint vc="0" uspid="47668" ordinal="0" offset="34" sl="6227" sc="0" el="6227" ec="0" bec="0" bev="0" fileid="107" />
                <SequencePoint vc="0" uspid="47669" ordinal="0" offset="38" sl="6228" sc="0" el="6228" ec="0" bec="0" bev="0" fileid="107" />
              </SequencePoints>
              <BranchPoints />
            </Method>
            <Method visited="false" cyclomaticComplexity="0" nPathComplexity="0" sequenceCoverage="0.0" branchCoverage="0" crapScore="0" isConstructor="false" isStatic="true" isGetter="false" isSetter="false">
              <Summary numSequencePoints="3" visitedSequencePoints="0" numBranchPoints="0" visitedBranchPoints="0" sequenceCoverage="0.0" branchCoverage="0" maxCyclomaticComplexity="0" minCyclomaticComplexity="0" maxCrapScore="0" minCrapScore="0" visitedClasses="0" numClasses="0" visitedMethods="0" numMethods="1" />
              <MetadataToken>100663692</MetadataToken>
              <Name>static Mono.Cecil.TypeReference Fusion.CodeGen.MonoCecilExtensions::ImportType[T](Mono.Cecil.ModuleDefinition)</Name>
              <FileRef uid="107" />
              <SequencePoints>
                <SequencePoint vc="0" uspid="47707" ordinal="0" offset="0" sl="6269" sc="0" el="6269" ec="0" bec="0" bev="0" fileid="107" />
                <SequencePoint vc="0" uspid="47708" ordinal="0" offset="1" sl="6270" sc="0" el="6270" ec="0" bec="0" bev="0" fileid="107" />
                <SequencePoint vc="0" uspid="47709" ordinal="0" offset="20" sl="6271" sc="0" el="6271" ec="0" bec="0" bev="0" fileid="107" />
              </SequencePoints>
              <BranchPoints />
            </Method>
          </Methods>
        </Class>
        <Class>
          <Summary numSequencePoints="18" visitedSequencePoints="0" numBranchPoints="0" visitedBranchPoints="0" sequenceCoverage="0.0" branchCoverage="0.0" maxCyclomaticComplexity="0" minCyclomaticComplexity="0" maxCrapScore="0" minCrapScore="0" visitedClasses="0" numClasses="1" visitedMethods="0" numMethods="3" />
          <FullName>Fusion.CodeGen.NetworkTypeInfoRegistry</FullName>
          <Methods>
            <Method visited="false" cyclomaticComplexity="0" nPathComplexity="0" sequenceCoverage="0.0" branchCoverage="0" crapScore="0" isConstructor="false" isStatic="false" isGetter="false" isSetter="false">
              <Summary numSequencePoints="1" visitedSequencePoints="0" numBranchPoints="0" visitedBranchPoints="0" sequenceCoverage="0.0" branchCoverage="0" maxCyclomaticComplexity="0" minCyclomaticComplexity="0" maxCrapScore="0" minCrapScore="0" visitedClasses="0" numClasses="0" visitedMethods="0" numMethods="1" />
              <MetadataToken>100663729</MetadataToken>
              <Name>Fusion.CodeGen.NetworkTypeInfo Fusion.CodeGen.NetworkTypeInfoRegistry::GetInfo[T]()</Name>
              <FileRef uid="107" />
              <SequencePoints>
                <SequencePoint vc="0" uspid="47954" ordinal="0" offset="0" sl="6659" sc="0" el="6659" ec="0" bec="0" bev="0" fileid="107" />
              </SequencePoints>
              <BranchPoints />
            </Method>
            <Method visited="false" cyclomaticComplexity="0" nPathComplexity="0" sequenceCoverage="0.0" branchCoverage="0" crapScore="0" isConstructor="false" isStatic="false" isGetter="false" isSetter="false">
              <Summary numSequencePoints="14" visitedSequencePoints="0" numBranchPoints="0" visitedBranchPoints="0" sequenceCoverage="0.0" branchCoverage="0" maxCyclomaticComplexity="0" minCyclomaticComplexity="0" maxCrapScore="0" minCrapScore="0" visitedClasses="0" numClasses="0" visitedMethods="0" numMethods="1" />
              <MetadataToken>100663741</MetadataToken>
              <Name>System.Void Fusion.CodeGen.NetworkTypeInfoRegistry::AddBuiltInType[T](Mono.Cecil.MethodReference, Mono.Cecil.MethodReference, System.Boolean)</Name>
              <FileRef uid="107" />
              <SequencePoints>
                <SequencePoint vc="0" uspid="48118" ordinal="0" offset="20" sl="7070" sc="0" el="7070" ec="0" bec="0" bev="0" fileid="107" />
                <SequencePoint vc="0" uspid="48119" ordinal="0" offset="21" sl="7072" sc="0" el="7072" ec="0" bec="0" bev="0" fileid="107" />
                <SequencePoint vc="0" uspid="48120" ordinal="0" offset="43" sl="7074" sc="0" el="7074" ec="0" bec="0" bev="0" fileid="107" />
                <SequencePoint vc="0" uspid="48121" ordinal="0" offset="50" sl="7075" sc="0" el="7075" ec="0" bec="0" bev="0" fileid="107" />
                <SequencePoint vc="0" uspid="48122" ordinal="0" offset="65" sl="7077" sc="0" el="7077" ec="0" bec="0" bev="0" fileid="107" />
                <SequencePoint vc="0" uspid="48123" ordinal="0" offset="78" sl="7077" sc="0" el="7077" ec="0" bec="0" bev="0" fileid="107" />
                <SequencePoint vc="0" uspid="48124" ordinal="0" offset="79" sl="7078" sc="0" el="7078" ec="0" bec="0" bev="0" fileid="107" />
                <SequencePoint vc="0" uspid="48125" ordinal="0" offset="102" sl="7079" sc="0" el="7079" ec="0" bec="0" bev="0" fileid="107" />
                <SequencePoint vc="0" uspid="48126" ordinal="0" offset="103" sl="7080" sc="0" el="7080" ec="0" bec="0" bev="0" fileid="107" />
                <SequencePoint vc="0" uspid="48127" ordinal="0" offset="118" sl="7080" sc="0" el="7080" ec="0" bec="0" bev="0" fileid="107" />
                <SequencePoint vc="0" uspid="48128" ordinal="0" offset="119" sl="7081" sc="0" el="7081" ec="0" bec="0" bev="0" fileid="107" />
                <SequencePoint vc="0" uspid="48129" ordinal="0" offset="142" sl="7082" sc="0" el="7082" ec="0" bec="0" bev="0" fileid="107" />
                <SequencePoint vc="0" uspid="48130" ordinal="0" offset="143" sl="7084" sc="0" el="7084" ec="0" bec="0" bev="0" fileid="107" />
                <SequencePoint vc="0" uspid="48131" ordinal="0" offset="225" sl="7098" sc="0" el="7098" ec="0" bec="0" bev="0" fileid="107" />
              </SequencePoints>
              <BranchPoints />
            </Method>
            <Method visited="false" cyclomaticComplexity="0" nPathComplexity="0" sequenceCoverage="0.0" branchCoverage="0" crapScore="0" isConstructor="false" isStatic="false" isGetter="false" isSetter="false">
              <Summary numSequencePoints="3" visitedSequencePoints="0" numBranchPoints="0" visitedBranchPoints="0" sequenceCoverage="0.0" branchCoverage="0" maxCyclomaticComplexity="0" minCyclomaticComplexity="0" maxCrapScore="0" minCrapScore="0" visitedClasses="0" numClasses="0" visitedMethods="0" numMethods="1" />
              <MetadataToken>100663742</MetadataToken>
              <Name>System.Void Fusion.CodeGen.NetworkTypeInfoRegistry::AddUnityType[T]()</Name>
              <FileRef uid="107" />
              <SequencePoints>
                <SequencePoint vc="0" uspid="48132" ordinal="0" offset="0" sl="7101" sc="0" el="7101" ec="0" bec="0" bev="0" fileid="107" />
                <SequencePoint vc="0" uspid="48133" ordinal="0" offset="1" sl="7102" sc="0" el="7102" ec="0" bec="0" bev="0" fileid="107" />
                <SequencePoint vc="0" uspid="48134" ordinal="0" offset="44" sl="7103" sc="0" el="7103" ec="0" bec="0" bev="0" fileid="107" />
              </SequencePoints>
              <BranchPoints />
            </Method>
          </Methods>
        </Class>
        <Class>
          <Summary numSequencePoints="1" visitedSequencePoints="0" numBranchPoints="0" visitedBranchPoints="0" sequenceCoverage="0.0" branchCoverage="0.0" maxCyclomaticComplexity="0" minCyclomaticComplexity="0" maxCrapScore="0" minCrapScore="0" visitedClasses="0" numClasses="1" visitedMethods="0" numMethods="1" />
          <FullName>Fusion.CodeGen.MonoCecilExtensions&lt;&gt;c__DisplayClass11_0[T]</FullName>
          <Methods>
            <Method visited="false" cyclomaticComplexity="0" nPathComplexity="0" sequenceCoverage="0.0" branchCoverage="0" crapScore="0" isConstructor="false" isStatic="false" isGetter="false" isSetter="false">
              <Summary numSequencePoints="1" visitedSequencePoints="0" numBranchPoints="0" visitedBranchPoints="0" sequenceCoverage="0.0" branchCoverage="0" maxCyclomaticComplexity="0" minCyclomaticComplexity="0" maxCrapScore="0" minCrapScore="0" visitedClasses="0" numClasses="0" visitedMethods="0" numMethods="1" />
              <MetadataToken>100663891</MetadataToken>
              <Name>System.Boolean Fusion.CodeGen.MonoCecilExtensions&lt;&gt;c__DisplayClass11_0[T]::&lt;TryGetAttributeProperty&gt;b__0(Mono.Cecil.CustomAttributeNamedArgument)</Name>
              <FileRef uid="107" />
              <SequencePoints>
                <SequencePoint vc="0" uspid="48639" ordinal="0" offset="0" sl="6050" sc="0" el="6050" ec="0" bec="0" bev="0" fileid="107" />
              </SequencePoints>
              <BranchPoints />
            </Method>
          </Methods>
        </Class>
        <Class>
          <Summary numSequencePoints="11" visitedSequencePoints="0" numBranchPoints="0" visitedBranchPoints="0" sequenceCoverage="0.0" branchCoverage="0.0" maxCyclomaticComplexity="0" minCyclomaticComplexity="0" maxCrapScore="0" minCrapScore="0" visitedClasses="0" numClasses="1" visitedMethods="0" numMethods="2" />
          <FullName>Fusion.CodeGen.NetworkTypeInfoRegistry&lt;&gt;c__DisplayClass31_0[T]</FullName>
          <Methods>
            <Method visited="false" cyclomaticComplexity="0" nPathComplexity="0" sequenceCoverage="0.0" branchCoverage="0" crapScore="0" isConstructor="false" isStatic="false" isGetter="false" isSetter="false">
              <Summary numSequencePoints="5" visitedSequencePoints="0" numBranchPoints="0" visitedBranchPoints="0" sequenceCoverage="0.0" branchCoverage="0" maxCyclomaticComplexity="0" minCyclomaticComplexity="0" maxCrapScore="0" minCrapScore="0" visitedClasses="0" numClasses="0" visitedMethods="0" numMethods="1" />
              <MetadataToken>100663969</MetadataToken>
              <Name>System.Void Fusion.CodeGen.NetworkTypeInfoRegistry&lt;&gt;c__DisplayClass31_0[T]::&lt;AddBuiltInType&gt;b__0(Mono.Cecil.ICustomAttributeProvider, Mono.Cecil.Cil.ILProcessor, Fusion.CodeGen.MethodContext)</Name>
              <FileRef uid="107" />
              <SequencePoints>
                <SequencePoint vc="0" uspid="48834" ordinal="0" offset="0" sl="7085" sc="0" el="7085" ec="0" bec="0" bev="0" fileid="107" />
                <SequencePoint vc="0" uspid="48835" ordinal="0" offset="1" sl="7086" sc="0" el="7086" ec="0" bec="0" bev="0" fileid="107" />
                <SequencePoint vc="0" uspid="48836" ordinal="0" offset="17" sl="7087" sc="0" el="7087" ec="0" bec="0" bev="0" fileid="107" />
                <SequencePoint vc="0" uspid="48837" ordinal="0" offset="35" sl="7088" sc="0" el="7088" ec="0" bec="0" bev="0" fileid="107" />
                <SequencePoint vc="0" uspid="48838" ordinal="0" offset="57" sl="7089" sc="0" el="7089" ec="0" bec="0" bev="0" fileid="107" />
              </SequencePoints>
              <BranchPoints />
            </Method>
            <Method visited="false" cyclomaticComplexity="0" nPathComplexity="0" sequenceCoverage="0.0" branchCoverage="0" crapScore="0" isConstructor="false" isStatic="false" isGetter="false" isSetter="false">
              <Summary numSequencePoints="6" visitedSequencePoints="0" numBranchPoints="0" visitedBranchPoints="0" sequenceCoverage="0.0" branchCoverage="0" maxCyclomaticComplexity="0" minCyclomaticComplexity="0" maxCrapScore="0" minCrapScore="0" visitedClasses="0" numClasses="0" visitedMethods="0" numMethods="1" />
              <MetadataToken>100663970</MetadataToken>
              <Name>System.Void Fusion.CodeGen.NetworkTypeInfoRegistry&lt;&gt;c__DisplayClass31_0[T]::&lt;AddBuiltInType&gt;b__1(Mono.Cecil.ICustomAttributeProvider, Mono.Cecil.Cil.ILProcessor, Fusion.CodeGen.MethodContext)</Name>
              <FileRef uid="107" />
              <SequencePoints>
                <SequencePoint vc="0" uspid="48839" ordinal="0" offset="0" sl="7090" sc="0" el="7090" ec="0" bec="0" bev="0" fileid="107" />
                <SequencePoint vc="0" uspid="48840" ordinal="0" offset="1" sl="7091" sc="0" el="7091" ec="0" bec="0" bev="0" fileid="107" />
                <SequencePoint vc="0" uspid="48841" ordinal="0" offset="17" sl="7092" sc="0" el="7092" ec="0" bec="0" bev="0" fileid="107" />
                <SequencePoint vc="0" uspid="48842" ordinal="0" offset="33" sl="7093" sc="0" el="7093" ec="0" bec="0" bev="0" fileid="107" />
                <SequencePoint vc="0" uspid="48843" ordinal="0" offset="51" sl="7094" sc="0" el="7094" ec="0" bec="0" bev="0" fileid="107" />
                <SequencePoint vc="0" uspid="48844" ordinal="0" offset="73" sl="7095" sc="0" el="7095" ec="0" bec="0" bev="0" fileid="107" />
              </SequencePoints>
              <BranchPoints />
            </Method>
          </Methods>
        </Class>
      </Classes>
    </Module>
  </Modules>
</CoverageSession>